thể dục thể thao
dạy nghề
nghề
kinh tế
kỹ thuật
du lịch
khoa học
thể thao
công nghiệp
nông nghiệp
kinh tế đối ngoại
khoa học tự nhiên
khoa học xã hội
nhân văn
ngoại ngữ
giáo dục
công nghệ
quốc tế
truyền thông
quản trị kinh doanh
nông lâm
sư phạm
y dược
nghệ thuật
biên phòng
chính trị
quân sự
hải quân
hậu cần
lục quân
phòng không
không quân
quân y
quốc phòng
công binh
pháo binh
phòng hóa
tăng-thiết giáp
đặc công
văn hóa
văn nghệ
thông tin
văn hóa nghệ thuật
môi trường
tài chính
hải quan
trung ương
phát thanh truyền hình
mỹ thuật
mỹ thuật trang trí
lương thực
thực phẩm
y tế
luật
