bảo tàng
rạp
rạp chiếu phim
siêu thị
cửa hàng
chợ
trung tâm thương mại
nhà thờ
nhà hát
hội trường
lâu đài
khách sạn
đại sứ quán
viện
viện nghiên cứu
công viên
khu vui chơi
khu vui chơi giải tri
sân vận động
nhà thi đấu
vườn thú
vườn bách thú
công viên giải trí
rạp hát
bến xe
ga
ga xe lửa
bến xe buýt
ga tàu hỏa
nhà ga
sân bay
cảng
đường sắt
đường bộ
đường hàng không
kênh đào
đường thủy
đường hầm
cầu vượt
hầm
cầu
bệnh viện
nha khoa
khu công nghiệp
vườn quốc gia
khu đô thị
khu đô thị mới
khu bảo tồn
khu công nghệ cao
