Đại học Quốc gia Hà Nội	 id = 192085
Trường Đại học Công nghệ	 id = 192086
Trường Đại học Giáo dục	 id = 192087
Trường Đại học Kinh tế	 id = 192088
Trường Đại học Khoa học Tự nhiên	 id = 192089
Trường Đại học Khoa học Xã hội và Nhân văn	 id = 192090
Trường Đại học Ngoại ngữ	 id = 192091
Đại học Quốc gia Thành phố Hồ Chí Minh	 id = 192092
Trường Đại học Kinh tế - Luật	 id = 192093
Trường Đại học Bách khoa	 id = 192094
Trường Đại học Công nghệ Thông tin	 id = 192095
Trường Đại học Khoa học Tự nhiên	 id = 192089
Trường Đại học Khoa học Xã hội và Nhân văn	 id = 192090
Trường Đại học Quốc tế	 id = 192096
Trường Đại học Tây Bắc	 id = 192097
Đại học Thái Nguyên	 id = 192098
Trường Đại học Công nghệ Thông tin và Truyền thông	 id = 192099
Trường Đại học Khoa học	 id = 192100
Trường Đại học Kinh tế và Quản trị Kinh doanh	 id = 192101
Trường Đại học Kỹ thuật Công nghiệp	 id = 192102
Trường Đại học Nông Lâm	 id = 192103
Trường Đại học Sư phạm	 id = 192104
Trường Đại học Y Dược	 id = 192105
Trường Cao đẳng kinh tế - kỹ thuật	 id = 192106
Cao đẳng kinh tế kỹ thuật Thái Nguyên	 id = 192107
Trường Đại học Vinh	 id = 192108
Đại học Huế	 id = 192109
Đại học Huế tại Quảng Trị	 id = 192110
Trường Đại học Khoa học	 id = 192100
Trường Đại học Kinh tế	 id = 192088
Trường Đại học Nghệ thuật	 id = 192111
Trường Đại học Ngoại ngữ	 id = 192091
Trường Đại học Nông Lâm	 id = 192103
Trường Đại học Sư phạm	 id = 192104
Trường Đại học Y Dược	 id = 192105
Đại học Đà Nẵng	 id = 192112
Đại học Đà Nẵng tại Kon Tum	 id = 192113
Trường Đại học Bách khoa	 id = 192094
Trường Đại học Kinh tế	 id = 192088
Trường Đại học Ngoại ngữ	 id = 192091
Trường Đại học Sư phạm	 id = 192104
Trường Cao đẳng Công nghệ Đà Nẵng	 id = 192114
Trường Cao đẳng Công nghệ Thông tin	 id = 192115
Trường Đại học Quy Nhơn	 id = 192116
Trường Đại học Tây Nguyên	 id = 192117
Trường Đại học Cần Thơ	 id = 192118
Học viện Biên phòng	 id = 192119
Học viện Chính trị Quân sự	 id = 192120
Học viện Hải quân	 id = 192121
Học viện Hậu cần	 id = 192122
Học viện Khoa học Quân sự	 id = 192123
Học viện Kỹ thuật Quân sự	 id = 192124
Học viện Lục quân Đà Lạt	 id = 192125
Học viện Phòng không - Không quân	 id = 192126
Học viện Quân y	 id = 192127
Học viện Quốc phòng Việt Nam	 id = 192128
Trường Sĩ quan Công binh	 id = 192129
Trường Sĩ quan Không quân	 id = 192130
Trường Đại học Chính trị	 id = 192131
Trường Đại học Trần Đại Nghĩa	 id = 192132
Trường Đại học Trần Quốc Tuấn	 id = 192133
Trường Đại học Nguyễn Huệ	 id = 192134
Trường Sĩ quan Pháo binh	 id = 192135
Trường Sĩ quan Phòng hóa	 id = 192136
Trường Sĩ quan Tăng-Thiết giáp	 id = 192137
Trường Sĩ quan Thông tin	 id = 192138
Trường Sĩ quan Đặc công	 id = 192139
Trường Đại học Văn hóa - Nghệ thuật Quân đội	 id = 192140
Học viện An ninh Nhân dân	 id = 192141
Học viện Cảnh sát Nhân dân	 id = 192142
Trường Đại học An ninh Nhân dân	 id = 192143
Trường Đại học Cảnh sát Nhân dân	 id = 192144
Trường Đại học Phòng cháy Chữa cháy	 id = 192145
Trường Đại học Kỹ thuật - Hậu cần Công an Nhân dân	 id = 192146
Trường Đại học Bách khoa Hà Nội	 id = 192147
Trường Đại học Công đoàn	 id = 192148
Trường Đại học Công nghiệp Hà Nội	 id = 192149
Trường Đại học Công nghiệp Quảng Ninh	 id = 192150
Trường Đại học Công nghiệp Thành phố Hồ Chí Minh	 id = 192151
Trường Đại học Công nghiệp Thực phẩm Thành phố Hồ Chí Minh	 id = 192152
Trường Đại học Công nghiệp Việt Hung	 id = 192153
Trường Đại học Công nghiệp Việt Trì	 id = 192154
Trường Đại học Dược Hà Nội	 id = 192155
Trường Đại học Dầu Khí	 id = 192156
Trường Đại học Điện lực	 id = 192157
Trường Đại học Đồng Tháp	 id = 192158
Trường Đại học Hà Nội	 id = 192159
Trường Đại học Hàng hải Việt Nam	 id = 192160
Trường Đại học Khoa học công nghệ Hà Nội	 id = 192161
Trường Đại học Kiến trúc Hà Nội	 id = 192162
Trường Đại học Kiến trúc Thành phố Hồ Chí Minh	 id = 192163
Trường Đại học Kinh tế - Kỹ thuật Công nghiệp	 id = 192164
Trường Đại học Kinh tế Quốc dân	 id = 192165
Trường Đại học Kinh tế Thành phố Hồ Chí Minh	 id = 192166
Trường Đại học Kỹ thuật Y tế Hải Dương	 id = 192167
Trường Đại học Giao thông Vận tải	 id = 192168
Trường Đại học Giao thông Vận tải cơ sở 2	 id = 192169
Trường Đại học Giao thông Vận tải Thành phố Hồ Chí Minh	 id = 192170
Trường Đại học Lao động - Xã hội	 id = 192171
Trường Đại học Lao động - Xã hội cơ sở 2, Thành phố Hồ Chí Minh	 id = 192172
Trường Đại học Luật Hà Nội	 id = 192173
Trường Đại học Luật Thành phố Hồ Chí Minh	 id = 192174
Trường Đại học Lâm nghiệp Việt Nam	 id = 192175
Trường Đại học Lâm nghiệp Việt Nam cơ sở 2, Đồng Nai	 id = 192176
Trường Đại học Mỏ - Địa chất	 id = 192177
Trường Đại học Mở Thành phố Hồ Chí Minh	 id = 192178
Trường Đại học Mỹ thuật Công nghiệp	 id = 192179
Trường Đại học Mỹ thuật Việt Nam	 id = 192180
Trường Đại học Mỹ thuật Thành phố Hồ Chí Minh	 id = 192181
Trường Đại học Ngân hàng Thành phố Hồ Chí Minh	 id = 192182
Trường Đại học Ngoại thương	 id = 192183
Trường Đại học Ngoại thương cơ sở 2, Thành phố Hồ Chí Minh	 id = 192184
Trường Đại học Nha Trang	 id = 192185
Trường Đại học Nội vụ Hà Nội	 id = 192186
Trường Đại học Nông Lâm Thành phố Hồ Chí Minh	 id = 192187
Trường Đại học Nông Lâm Bắc Giang	 id = 192188
Trường Đại học Nông nghiệp Hà Nội	 id = 192189
Trường Đại học Sao Đỏ	 id = 192190
Trường Đại học Sân khấu - Điện ảnh Hà Nội	 id = 192191
Trường Đại học Sân khấu - Điện ảnh Thành phố Hồ Chí Minh	 id = 192192
Trường Đại học Sư phạm Hà Nội	 id = 192193
Trường Đại học Sư phạm Hà Nội 2	 id = 192194
Trường Đại học Sư phạm Kỹ thuật Hưng Yên	 id = 192195
Trường Đại học Sư phạm Kỹ thuật Thành phố Hồ Chí Minh	 id = 192196
Trường Đại học Sư phạm Kỹ thuật Nam Định	 id = 192197
Trường Đại học Sư phạm Kỹ thuật Vinh	 id = 192198
Trường Đại học Sư phạm Nghệ thuật Trung ương	 id = 192199
Trường Đại học Sư phạm Thành phố Hồ Chí Minh	 id = 192200
Trường Đại học Sư phạm Thể dục Thể thao Hà Nội	 id = 192201
Trường Đại học Sư phạm Thể dục Thể thao Thành phố Hồ Chí Minh	 id = 192202
Trường Đại học Tài chính - Kế toán	 id = 192203
Trường Đại học Tài chính - Marketing	 id = 192204
Trường Đại học Tài nguyên và Môi trường Hà Nội	 id = 192205
Trường Đại học Tài nguyên và Môi trường Thành phố Hồ Chí Minh	 id = 192206
Trường Đại học Thể dục Thể thao Thành phố Hồ Chí Minh	 id = 192207
Trường Đại học Thể dục Thể thao Bắc Ninh	 id = 192208
Trường Đại học Thể dục Thể thao Đà Nẵng	 id = 192209
Trường Đại học Thủy lợi cơ sở 2, Thành phố Hồ Chí Minh	 id = 192210
Trường Đại học Thủy lợi	 id = 192211
Trường Đại học Thương mại	 id = 192212
Trường Đại học Tôn Đức Thắng	 id = 192213
Trường Đại học Văn hoá	 id = 192214
Trường Đại học Văn hóa Thành phố Hồ Chí Minh	 id = 192215
Trường Đại học Việt - Đức	 id = 192216
Trường Đại học Xây dựng	 id = 192217
Trường Đại học Xây dựng Miền Tây	 id = 192218
Trường Đại học Xây dựng Miền Trung	 id = 192219
Trường Đại học Y Dược Cần Thơ	 id = 192220
Trường Đại học Y Dược Thành phố Hồ Chí Minh	 id = 192221
Trường Đại học Y Hà Nội	 id = 192222
Trường Đại học Y Hải Phòng	 id = 192223
Trường Đại học Y tế Công cộng	 id = 192224
Trường Đại học Y Thái Bình	 id = 192225
Trường Đại học Y khoa Vinh	 id = 192226
Trường Đại học Y Phạm Ngọc Thạch	 id = 192227
Viện Đại học Mở Hà Nội	 id = 192228
Học viện Âm nhạc Huế	 id = 192229
Học viện Âm nhạc Quốc gia Việt Nam	 id = 192230
Học viện Báo chí và Tuyên truyền	 id = 192231
Học viện Chính sách và phát triển	 id = 192232
Học viện Chính trị - Hành chính Quốc gia Hồ Chí Minh	 id = 192233
Học viện Xây dựng Đảng	 id = 192234
Học viện Cán bộ quản lý xây dựng và đô thị	 id = 192235
Học viện Công nghệ Bưu chính Viễn thông	 id = 192236
Học viện Công nghệ Bưu chính Viễn thông cơ sở 2, Thành phố Hồ Chí Minh	 id = 192237
Học viện Hàng không Việt Nam	 id = 192238
Học viện Hành chính	 id = 192239
Học viện Hành chính cơ sở 2, Thành phố Hồ Chí Minh	 id = 192240
Học viện Khoa học xã hội	 id = 192241
Học viện Kỹ thuật Mật mã	 id = 192242
Học viện Ngân hàng	 id = 192243
Học viện Ngoại giao Việt Nam	 id = 192244
Học viện Quản lý Giáo dục	 id = 192245
Học viện Tài chính	 id = 192246
Học viện Thanh thiếu niên	 id = 192247
Học viện Tư Pháp	 id = 192248
Học viện Y dược học cổ truyền Việt Nam	 id = 192249
Nhạc viện Thành phố Hồ Chí Minh	 id = 192250
Trường Đại học An Giang	 id = 192251
Trường Đại học Bạc Liêu	 id = 192252
Trường Đại học Đà Lạt	 id = 192253
Trường Đại học Điều dưỡng Nam Định	 id = 192254
Trường Đại học Đồng Nai	 id = 192255
Trường Đại học Hải Phòng	 id = 192256
Trường Đại học Hồng Đức	 id = 192257
Trường Đại học Hà Tĩnh	 id = 192258
Trường Đại học Hoa Lư	 id = 192259
Trường Đại học Hùng Vương	 id = 192260
Trường Đại học Kinh tế - Kỹ thuật Hải Dương	 id = 192261
Trường Đại học Phạm Văn Đồng	 id = 192262
Trường Đại học Phú Yên	 id = 192263
Trường Đại học Quảng Bình	 id = 192264
Trường Đại học Quảng Nam	 id = 192265
Trường Đại học Sài Gòn	 id = 192266
Trường Đại học Thủ Dầu Một	 id = 192267
Trường Đại học Tiền Giang	 id = 192268
Trường Đại học Trà Vinh	 id = 192269
Trường Đại học Thái Bình	 id = 192270
Trường Đại học Văn hóa-Thể thao-Du lịch Thanh Hóa	 id = 192271
Trường Đại học Anh quốc Việt Nam	 id = 192272
Trường Đại học Bà Rịa - Vũng Tàu	 id = 192273
Trường Đại học Bình Dương	 id = 192274
Trường Đại học Chu Văn An	 id = 192275
Trường Đại học Công nghệ Đông Á	 id = 192276
Trường Đại học Công nghệ Đồng Nai	 id = 192277
Trường Đại học Công nghệ Sài Gòn	 id = 192278
Trường Đại học Công nghệ và Quản lý Hữu nghị	 id = 192279
Trường Đại học Công nghệ Vạn Xuân	 id = 192280
Trường Đại học Cửu Long	 id = 192281
Trường Đại học Tây Đô	 id = 192282
Trường Đại học Duy Tân	 id = 192283
Trường Đại học Đại Nam	 id = 192284
Trường Đại học Đông Á	 id = 192285
Trường Đại học Đông Đô	 id = 192286
Trường Đại học FPT	 id = 192287
Trường Đại học Gia Định	 id = 192288
Trường Đại học Hà Hoa Tiên	 id = 192289
Trường Đại học Hải Phòng	 id = 192256
Trường Đại học Hòa Bình	 id = 192290
Trường Đại học Hoa Sen	 id = 192291
Trường Đại học Hùng Vương	 id = 192260
Trường Đại học Kiến trúc Đà Nẵng	 id = 192292
Trường Đại học Kinh doanh và Công nghệ Hà Nội	 id = 192293
Trường Đại học Kinh tế - Công nghiệp Long An	 id = 192294
Trường Đại học Kinh tế - Kỹ thuật Bình Dương	 id = 192295
Trường Đại học Kinh tế - Tài chính Thành phố Hồ Chí Minh	 id = 192296
Trường Đại học Kỹ thuật Công nghệ Thành phố Hồ Chí Minh	 id = 192297
Trường Đại học Lạc Hồng	 id = 192298
Trường Đại học Lương Thế Vinh	 id = 192299
Trường Đại học Mỹ thuật Công nghiệp Á Châu	 id = 192300
Trường Đại học Ngoại ngữ Tin học Thành phố Hồ Chí Minh	 id = 192301
Trường Đại học Nguyễn Trãi	 id = 192302
Trường Đại học Phan Thiết	 id = 192303
Trường Đại học Phan Châu Trinh	 id = 192304
Trường Đại học Phú Xuân	 id = 192305
Trường Đại học Phương Đông	 id = 192306
Trường Đại học Quang Trung	 id = 192307
Trường Đại học Quốc tế Hồng Bàng	 id = 192308
Trường Đại học Quốc tế Bắc Hà	 id = 192309
Trường Đại học Quốc tế Miền Đông	 id = 192310
Trường Đại học Quốc tế Sài Gòn	 id = 192311
Trường Đại học RMIT	 id = 192312
Trường Đại học Tài chính - Ngân hàng Hà Nội	 id = 192313
Trường Đại học Tân Tạo	 id = 192314
Trường Đại học Trưng Vương	 id = 192315
Trường Đại học Thành Đô	 id = 192316
Trường Đại học Thành Đông	 id = 192317
Trường Đại học Thành Tây	 id = 192318
Trường Đại học Thăng Long	 id = 192319
Trường Đại học Thái Bình Dương	 id = 192320
Trường Đại học Văn Hiến	 id = 192321
Trường Đại học Văn Lang	 id = 192322
Trường Đại học Việt Bắc	 id = 192323
Trường Đại học Võ Trường Toản	 id = 192324
Trường Đại học Yersin Đà Lạt	 id = 192325
Trường Dự bị Đại Học TP.HCM	 id = 192326
Trường Dự bị Đại học dân tộc Trung ương Việt Trì - Phú Thọ	 id = 192327
Trường Dự bị Đại học dân tộc Sầm Sơn	 id = 192328
Trường Dự bị Đại học dân tộc Nha Trang	 id = 192329
Trường CĐ Công nghệ dệt may thời trang Hà Nội	 id = 192330
Trường CĐ Công nghệ Viettronics	 id = 192331
Trường CĐ Công nghệ và Kinh tế Công nghiệp	 id = 192332
Trường CĐ Công nghiệp In	 id = 192333
Trường CĐ Công nghiệp Hưng Yên	 id = 192334
Trường CĐ Công nghiệp Nam Định	 id = 192335
Trường CĐ Công nghiệp Phúc Yên	 id = 192336
Trường CĐ Công nghiệp Thái Nguyên	 id = 192337
Trường CĐ Công nghiệp và Xây dựng	 id = 192338
Trường CĐ Công nghiệp Việt Đức	 id = 192339
Trường CĐ Công nghiệp xây lắp điện duoc	 id = 192340
Trường CĐ Cơ khí luyện kim	 id = 192341
Trường CĐ Cộng đồng Hà Nội	 id = 192342
Trường CĐ Cộng đồng Hà Tây	 id = 192343
Trường CĐ Cộng đồng Hải Phòng	 id = 192344
Trường CĐ Du lịch Hà Nội	 id = 192345
Trường CĐ Điện tử - Điện lạnh Hà Nội	 id = 192346
Trường CĐ Giao thông vận tải	 id = 192347
Trường CĐ Hàng hải	 id = 192348
Trường CĐ Hóa chất	 id = 192349
Trường CĐ Kinh tế - Công nghiệp Hà Nội	 id = 192350
Trường CĐ Kinh tế - Kỹ thuật Nghệ An	 id = 192351
Trường CĐ Kinh tế - Kỹ thuật Phú Thọ	 id = 192352
Trường CĐ Kinh tế - Kỹ thuật Thương mại	 id = 192353
Trường CĐ Kinh tế - Tài chính Thái Nguyên	 id = 192354
Trường CĐ Kỹ thuật khách sạn và du lịch	 id = 192355
Trường CĐ Múa Việt Nam	 id = 192356
Trường CĐ Nghề Số 8 - Bộ Quốc Phòng	 id = 192357
Trường CĐ Nghệ thuật Hà Nội	 id = 192358
Trường CĐ nghề Công nghiệp Thanh Hóa	 id = 192359
Trường CĐ nghề công nghiệp Hải Phòng	 id = 192360
Trường CĐ nghề Vinashin Hải Phòng	 id = 192361
Trường CĐ Bách nghệ Hải Phòng	 id = 192362
Trường CĐ nghề Hải Dương	 id = 192363
Trường CĐ nghề Việt Đức Hà Tĩnh	 id = 192364
Trường CĐ nghề Phú Châu	 id = 192365
Trường CĐ Nông lâm	 id = 192366
Trường CĐ Nông lâm Đông Bắc	 id = 192367
Trường CĐ Nông nghiệp & Phát triển nông thôn Bắc Bộ	 id = 192368
Trường CĐ Phát thanh truyền hình I	 id = 192369
Trường CĐ Sư phạm Trung ương	 id = 192370
Trường CĐ Tài chính - Quản trị kinh doanh	 id = 192371
Trường Cđ Tài nguyên và Môi trường Miền Trung	 id = 192372
Trường CĐ Thống kê	 id = 192373
Trường CĐ Thủy lợi Bắc Bộ	 id = 192374
Trường CĐ Thủy sản Hải Phòng	 id = 192375
Trường CĐ Thương mại và Du lịch	 id = 192376
Trường CĐ Thực hành FPT	 id = 192377
Trường CĐ Truyền hình	 id = 192378
Trường CĐ Xây dựng công trình đô thị	 id = 192379
Trường CĐ Xây dựng Nam Định	 id = 192380
Trường CĐ Xây dựng số 1	 id = 192381
Trường CĐ Sư phạm Hải Phòng	 id = 192382
Trường CĐ Sư phạm Bắc Cạn	 id = 192383
Trường CĐ Sư phạm Bắc Ninh	 id = 192384
Trường CĐ Sư phạm Cao Bằng	 id = 192385
Trường CĐ Sư phạm Điện Biên	 id = 192386
Trường CĐ Sư phạm Hà Giang	 id = 192387
Trường CĐ Sư phạm Hà Nam	 id = 192388
Trường CĐ Sư phạm Hà Nội	 id = 192389
Trường CĐ Sư phạm Hà Tây	 id = 192390
Trường CĐ Sư phạm Hải Dương	 id = 192391
Trường CĐ Sư phạm Hưng Yên	 id = 192392
Trường CĐ Sư phạm Hòa Bình	 id = 192393
Trường CĐ Sư phạm Lào Cai	 id = 192394
Trường CĐ Sư phạm Lạng Sơn	 id = 192395
Trường CĐ Sư phạm Nam Định	 id = 192396
Trường CĐ Sư phạm Ngô Gia Tự Bắc Giang	 id = 192397
Trường CĐ Sư phạm Nghệ An	 id = 192398
Trường CĐ Sư phạm Quảng Ninh	 id = 192399
Trường CĐ Sư phạm Sơn La	 id = 192400
Trường CĐ Sư phạm Thái Bình	 id = 192401
Trường CĐ Sư phạm Thái Nguyên	 id = 192402
Trường CĐ Sư phạm Tuyên Quang	 id = 192403
Trường CĐ Sư phạm Vĩnh Phúc	 id = 192404
Trường CĐ Sư phạm Yên Bái	 id = 192405
Trường CĐ Văn hóa nghệ thuật Hải Phòng	 id = 192406
Trường CĐ Văn hóa nghệ thuật Nghệ An	 id = 192407
Trường CĐ Văn hóa nghệ thuật Tây Bắc	 id = 192408
Trường CĐ Văn hóa nghệ thuật Thái Bình	 id = 192409
Trường CĐ Văn hóa nghệ thuật và Du lịch Hạ Long	 id = 192410
Trường CĐ Văn hóa nghệ thuật Việt Bắc	 id = 192411
Trường CĐ Y tế Hải Phòng	 id = 192412
Trường CĐ Y tế Hà Nam	 id = 192413
Trường CĐ Y tế Hà Nội	 id = 192414
Trường CĐ Y tế Hà Tây	 id = 192415
Trường CĐ Y tế Hà Tĩnh	 id = 192416
Trường CĐ Y tế Lạng Sơn	 id = 192417
Trường CĐ Y tế Phú Thọ	 id = 192418
Trường CĐ Y tế Quảng Ninh	 id = 192419
Trường CĐ Y tế Thái Bình	 id = 192420
Trường CĐ Y tế Thanh Hóa	 id = 192421
Trường CĐ Y tế Thái Nguyên	 id = 192422
Trường CĐ Dược Trung ương Hải Dương	 id = 192423
Trường CĐ Bách khoa Hưng Yên	 id = 192424
Trường CĐ Bách nghệ Tây Hà	 id = 192425
Trường CĐ Kinh tế Kỹ thuật Hà Nội	 id = 192426
Trường CĐ nghề Việt Mỹ	 id = 192427
Trường CĐ Ngoại ngữ - Công nghệ Việt Nhật	 id = 192428
Trường CĐ Công nghệ Hà Nội	 id = 192429
Trường CĐ Bán công Công nghệ và Quản trị doanh nghiệp	 id = 192430
Trường CĐ Công nghệ và Quản trị Sonadezi	 id = 192431
Trường CĐ Công nghiệp Cao su	 id = 192432
Trường CĐ Công nghiệp dệt may thời trang Thành phố Hồ Chí Minh	 id = 192433
Trường CĐ Công nghiệp Huế	 id = 192434
Trường CĐ Công nghiệp Kỹ thuật Quảng Ngãi	 id = 192435
Trường CĐ Công Nghiệp Tuy Hòa	 id = 192436
Trường CĐ Cộng đồng Bà Rịa - Vũng Tàu	 id = 192437
Trường CĐ Cộng đồng Bình Thuận	 id = 192438
Trường CĐ Cộng đồng Cà Mau	 id = 192439
Trường CĐ Cộng đồng Đồng Tháp	 id = 192440
Trường CĐ Cộng đồng Hậu Giang	 id = 192441
Trường CĐ Cộng đồng Kiên Giang	 id = 192442
Trường CĐ Cộng đồng Quảng Ngãi	 id = 192443
Trường CĐ Cộng đồng Sóc Trăng	 id = 192444
Trường CĐ Cộng đồng Vĩnh Long	 id = 192445
Trường CĐ Điện lực miền Trung	 id = 192446
Trường CĐ Điện lực Thành phố Hồ Chí Minh	 id = 192447
Trường CĐ Giao thông vận tải II	 id = 192448
Trường CĐ Giao thông vận tải 3	 id = 192449
Trường CĐ Kinh tế Thành phố Hồ Chí Minh	 id = 192450
Trường CĐ Kinh tế Đối ngoại Thành phố Hồ Chí Minh	 id = 192451
Trường CĐ Kinh tế Kế hoạch Đà Nẵng	 id = 192452
Trường CĐ Kinh tế Kỹ thuật Cần Thơ	 id = 192453
Trường CĐ Kinh tế Kỹ thuật Kiên Giang	 id = 192454
Trường CĐ Kinh tế Kỹ thuật Kon Tum	 id = 192455
Trường CĐ Kinh tế Kỹ thuật Quảng Nam	 id = 192456
Trường CĐ Kinh tế Kỹ thuật Công nghiệp II	 id = 192457
Trường CĐ Kinh tế Tài chính Vĩnh Long	 id = 192458
Trường CĐ Kỹ thuật Cao Thắng	 id = 192459
Trường CĐ Kỹ thuật Lý Tự Trọng Thành phố Hồ Chí Minh	 id = 192460
Trường CĐ Kỹ thuật Y tế II	 id = 192461
Trường CĐ Lương thực thực phẩm	 id = 192462
Trường CĐ Mỹ thuật trang trí Đồng Nai	 id = 192463
Trường CĐ nghề iSPACE	 id = 192464
Trường CĐ Phát thanh truyền hình II	 id = 192465
Trường CĐ Sư phạm Kỹ thuật Vĩnh Long	 id = 192466
Trường CĐ Sư phạm Trung ương Thành phố Hồ Chí Minh	 id = 192467
Trường CĐ Sư phạm Trung ương - Nha Trang	 id = 192468
Trường CĐ Tài chính Hải quan	 id = 192469
Trường CĐ Tài nguyên và Môi trường Thành phố Hồ Chí Minh	 id = 192470
Trường CĐ Thương mại Đà Nẵng	 id = 192471
Trường CĐ Xây dựng số 2	 id = 192472
Trường CĐ Bến Tre	 id = 192473
Trường CĐ Sư phạm Cà Mau	 id = 192474
Trường CĐ Sư phạm Cần Thơ	 id = 192475
Trường CĐ Sư phạm Bình Định	 id = 192476
Trường CĐ Sư phạm Bình Phước	 id = 192477
Trường CĐ Sư phạm Bình Thuận	 id = 192478
Trường CĐ Sư phạm Bà Rịa Vũng Tàu	 id = 192479
Trường CĐ Sư phạm Đà Lạt	 id = 192480
Trường CĐ Sư phạm Đắk Lắk	 id = 192481
Trường CĐ Sư phạm Gia Lai	 id = 192482
Trường CĐ Sư phạm Kiên Giang	 id = 192483
Trường CĐ Sư phạm Kon Tum	 id = 192484
Trường CĐ Sư phạm Long An	 id = 192485
Trường CĐ Sư phạm Nha Trang	 id = 192486
Trường CĐ Sư phạm Ninh Thuận	 id = 192487
Trường CĐ Sư phạm Quảng Trị	 id = 192488
Trường CĐ Sư phạm Sóc Trăng	 id = 192489
Trường CĐ Sư phạm Tây Ninh	 id = 192490
Trường CĐ Sư phạm Thừa Thiên Huế	 id = 192491
Trường CĐ Sư phạm Vĩnh Long	 id = 192492
Trường CĐ Văn hóa nghệ thuật Thành phố Hồ Chí Minh	 id = 192493
Trường CĐ Văn hóa nghệ thuật Đắk Lắk	 id = 192494
Trường CĐ Văn hóa nghệ thuật và Du lịch Nha Trang	 id = 192495
Trường CĐ Y tế Bình Thuận	 id = 192496
Trường CĐ Y tế Đồng Nai	 id = 192497
Trường CĐ Y tế Huế	 id = 192498
Trường CĐ Y tế Khánh Hòa	 id = 192499
Trường CĐ Y tế Kiên Giang	 id = 192500
Trường CĐ Y tế Quảng Nam	 id = 192501
Trường CĐ Bách Việt	 id = 192502
Trường CĐ Công nghệ Thông tin Đà Nẵng	 id = 192503
Trường CĐ Công nghệ Thông tin Hữu nghị Việt - Hàn	 id = 192504
Trường CĐ Dân lập Công nghệ thông tin Thành phố Hồ Chí Minh	 id = 192505
Trường CĐ Dân lập Kinh tế kỹ thuật Đông Du Đà Nẵng	 id = 192506
Trường CĐ Kỹ thuật Công nghệ Vạn Xuân	 id = 192507
Trường CĐ Tư thục Đức Trí	 id = 192508
Trường CĐ Kinh tế - Kỹ thuật Sài Gòn	 id = 192509
Trường CĐ Kinh tế Công nghệ Thành phố Hồ Chí Minh	 id = 192510
Trường CĐ Tư thục Phương Đông - Đà Nẵng	 id = 192511
Trường CĐ Tư thục Phương Đông - Quảng Nam	 id = 192512
Trường CĐ Văn hóa nghệ thuật và Du lịch Sài Gòn	 id = 192513
Trường CĐ Viễn Đông	 id = 192514
