nông nghiệp
phát triển nông thôn
khoa học
công nghệ
quốc phòng
công an
ngoại giao
nội vụ
tư pháp
đầu tư
kế hoạch
tài chính
công thương
giao thông vận tải
xây dựng
tài nguyên
môi trường
lao động
thương binh
xã hội
văn hóa
thể thao
du lịch
giáo dục
y tế
chính trị
bảo  vệ người tiêu dùng
sinh viên
thanh niên
dân số
kế hoạch hóa gia đình
đào tạo
an toàn vệ sinh thực phẩm
nhân dân
dân tộc
tổ quốc
trung ương
phụ nữ
nông dân
công nhân
cựu chiến binh
tiếng anh
khiêu vũ
du học
tình nguyện
điện lực
than
khoáng sản
