cụ
kị
cố
cụ ông	gender=Male
cụ bà	gender=Female
ông trẻ	gender=Male
bà trẻ	gender=Female
bà	gender=Female
thím	gender=Female
mợ	gender=Female
cô	gender=Female
dì	gender=Female
o	gender=Female
ông	gender=Male
dượng	gender=Male
bác
chú	gender=Male
cậu	gender=Male
thầy	gender=Male
ba	gender=Male
tía	gender=Male
bố	gender=Male
u	gender=Female
má	gender=Female
mẹ	gender=Female
bé
đại ca	gender=Male
anh	gender=Male
chị	gender=Female
bạn
ông	gender=Male
ngài	gender=Male
bà	gender=Female
quý bà	gender=Female
quý ông	gender=Male
quý cô	gender=Female
anh trai	gender=Male
chị gái	gender=Female
em gái	gender=Female
em trai	gender=Male
anh em
chị em
anh em trai	gender=Male
chị em gái	gender=Female
anh chị em
gia đình
họ
cha con
bố con
mẹ con
cô chú
dì dượng
ông bà
đồng nhiệm
tiền nhiệm
kế nhiệm
kế tục
đồng nghiệp
bạn học
đồng môn
bạn
bạn đường
bạn đời
bạn thân
chồng	gender=Male
vợ	gender=Female
hôn thê	gender=Female
hôn phu	gender=Male