A	 id = 198148
An	 id = 197952
Ân	 id = 197932
Âu	 id = 198149
Ấu	 id = 198150
Bạc	 id = 198151
Bạch	 id = 197914
Bàng	 id = 198152
Bảo	 id = 197824
Bế	 id = 198153
Biện	 id = 198154
Bùi	 id = 198155
Bửu	 id = 198156
Ca	 id = 198157
Cái	 id = 198158
Cam	 id = 198159
Cao	 id = 198120
Cát	 id = 197879
Cầm	 id = 197815
Cấn	 id = 198127
Châu	 id = 197858
Chế	 id = 198160
Chiêm	 id = 198161
Chu	 id = 197809
Chung	 id = 198162
Chương	 id = 198163
Chử	 id = 198164
Cung	 id = 197790
Cù	 id = 198165
Cự	 id = 198019
Danh	 id = 198102
Dềnh	 id = 198166
Dham	 id = 198167
Diệp	 id = 198168
Doãn	 id = 197977
Duôn	 id = 198169
Dư	 id = 198170
Dương	 id = 197883
Ðái	 id = 198171
Ðàm	 id = 198172
Ðào	 id = 198173
Ðậu	 id = 198174
Ðặng	 id = 198175
Ðèo	 id = 198176
Ðiêu	 id = 198177
Ðiểu	 id = 198178
Ðinh	 id = 198179
Ðoàn	 id = 198180
Ðô	 id = 198181
Ðồ	 id = 198182
Ðỗ	 id = 198183
Ðồng	 id = 198184
Ðổng	 id = 198185
Eban	 id = 198186
Enoul	 id = 198187
Giản	 id = 198093
Giang	 id = 198188
Giao	 id = 198189
Giáp	 id = 198190
Hà	 id = 198004
Hạ	 id = 198040
Hàm	 id = 197993
Hàn	 id = 198191
Hào	 id = 198192
H’mók	 id = 198193
Hò	 id = 198194
Hoa	 id = 198138
Hoài	 id = 198051
Hoàng	 id = 197869
Hồ	 id = 198100
Hồng	 id = 197854
Hui	 id = 198195
Huỳnh	 id = 198090
Hứa	 id = 198196
Kbuôr	 id = 198197
Kha	 id = 198198
Khiên	 id = 198199
Khiếu	 id = 198200
Khổng	 id = 198201
Khu	 id = 198202
Khuất	 id = 198203
Khúc	 id = 198204
Khương	 id = 197821
Khưu	 id = 198205
Kiên	 id = 198206
Kiều	 id = 197897
Kiểu	 id = 198207
Kim	 id = 197905
Knui	 id = 198208
Kpă	 id = 198209
Ksor	 id = 198210
Kỷ	 id = 197957
La	 id = 198009
Lã	 id = 198211
Lạc	 id = 198139
Lai	 id = 198212
Lại	 id = 198213
Lang	 id = 198214
Lâm	 id = 198215
Lầu	 id = 198216
Lê	 id = 197924
Liên	 id = 197805
Liêu	 id = 198217
Liễu	 id = 198218
Linh	 id = 197882
Lò	 id = 198219
Lô	 id = 198220
Lù	 id = 198221
Lư	 id = 198222
Lữ	 id = 198223
Lương	 id = 198033
Lưu	 id = 198056
Lý	 id = 198224
Ma	 id = 198225
Mã	 id = 197886
Mạc	 id = 197865
Mạch	 id = 198226
Mai	 id = 198088
Man	 id = 198227
Man	 id = 198227
Mạnh	 id = 198123
Miên	 id = 197958
Ngạc	 id = 198228
Ngân	 id = 197796
Nghê	 id = 198229
Nghiêm	 id = 197941
Ngọ	 id = 198230
Ngô	 id = 198231
Ngũ	 id = 198232
Nguỵ	 id = 198233
Nguyễn	 id = 198000
Nhan	 id = 198234
Nhân	 id = 197797
Nhữ	 id = 198235
Ninh	 id = 198236
Nông	 id = 198237
Nùng	 id = 198238
On	 id = 198239
Ôn	 id = 198240
Ông	 id = 198241
Pản	 id = 198242
Phạm	 id = 197825
Phẩm	 id = 197944
Phan	 id = 197956
Phí	 id = 198243
Phó	 id = 198244
Phú	 id = 197813
Phù	 id = 198245
Phùng	 id = 198246
Quách	 id = 198247
Quan	 id = 198248
Quản	 id = 198249
Quảng	 id = 198036
Sầm	 id = 198250
Sơn	 id = 197974
Sử	 id = 198251
Sỹ	 id = 198106
Sương	 id = 197927
Tạ	 id = 198252
Tan	 id = 198253
Tang	 id = 198254
Tăng	 id = 198255
Tân	 id = 197970
Tấn	 id = 197999
Thạch	 id = 198256
Thái	 id = 198118
Thang	 id = 198257
Thành	 id = 198026
Thảo	 id = 198258
Thẩm	 id = 198259
Thân	 id = 198260
Thi	 id = 197850
Thiều	 id = 198014
Thông	 id = 198046
Thục	 id = 197983
Tiết	 id = 198261
Tiêu	 id = 198262
Tô	 id = 198263
Tôn	 id = 198264
Tống	 id = 198265
Trà	 id = 198266
Trang	 id = 198267
Trần	 id = 198049
Triệu	 id = 198070
Trình	 id = 198268
Trịnh	 id = 198269
Trưng	 id = 198270
Trương	 id = 198068
Từ	 id = 198121
Tướng	 id = 198271
Tường	 id = 198091
Tưởng	 id = 198272
Ung	 id = 198273
Uông	 id = 198274
Uyển	 id = 198275
Ưng	 id = 197899
Ứng	 id = 197900
Văn	 id = 197855
Vậạn	 id = 198276
Vi	 id = 197871
Viêm	 id = 198277
Viên	 id = 197964
Võ	 id = 198146
Vũ	 id = 198055
Vương	 id = 197816
Woòng	 id = 198278
Yết	 id = 198279
