Cung	 id = 197790
Kinh	 id = 197791
Quang	 id = 197792
Tuệ	 id = 197793
Thị	 id = 197794
Hành	 id = 197795
Ngân	 id = 197796
Nhân	 id = 197797
Phủ	 id = 197798
Dực	 id = 197799
Chi	 id = 197800
Tóc	 id = 197801
Hiếu	 id = 197802
Bội	 id = 197803
Méc	 id = 197804
Liên	 id = 197805
Liêm	 id = 197806
Khả	 id = 197807
Hiến	 id = 197808
Chu	 id = 197809
Thế	 id = 197810
Philip	 id = 197811
Huyn	 id = 197812
Phú	 id = 197813
Trác	 id = 197814
Cầm	 id = 197815
Vương	 id = 197816
Jung	 id = 197817
Lịch	 id = 197818
Tố	 id = 197819
Ngọc	 id = 197820
Khương	 id = 197821
Diên	 id = 197822
Vịnh	 id = 197823
Bảo	 id = 197824
Phạm	 id = 197825
Hậu	 id = 197826
Đế	 id = 197827
Du	 id = 197828
Nhật	 id = 195526
Tiểu	 id = 197829
Trí	 id = 197830
Dy	 id = 197831
Học	 id = 197832
Đề	 id = 197833
Tế	 id = 197834
Phụng	 id = 197835
Vàng	 id = 197836
Di	 id = 197837
Quân	 id = 197838
Thanh	 id = 197839
Bá	 id = 197840
Thiện	 id = 197841
Đỗ	 id = 197842
Thống	 id = 197843
Bài	 id = 197844
Triều	 id = 197845
Viết	 id = 197846
Mẫu	 id = 197847
Như	 id = 197848
Băng	 id = 197849
Thi	 id = 197850
Toàn	 id = 197851
Nhược	 id = 197852
Vy	 id = 197853
Hồng	 id = 197854
Văn	 id = 197855
Y	 id = 197856
Càn	 id = 197857
Châu	 id = 197858
Hyun	 id = 197859
Thứ	 id = 197860
Nghĩa	 id = 197861
Thu	 id = 197862
Rae	 id = 197863
Thủ	 id = 197864
Mạc	 id = 197865
Thụ	 id = 197866
Tắc	 id = 197867
Biểu	 id = 197868
Hoàng	 id = 197869
Cẩm	 id = 197870
Vi	 id = 197871
Kyu	 id = 197872
Jong	 id = 197873
Mạn	 id = 197874
Huyền	 id = 197875
Khắc	 id = 197876
Thai	 id = 197877
Thiệu	 id = 197878
Cát	 id = 197879
Phương	 id = 197880
Uy	 id = 197881
Linh	 id = 197882
Dương	 id = 197883
Đăng	 id = 197884
Trung	 id = 197885
Mã	 id = 197886
Thất	 id = 197887
Định	 id = 197888
Hiển	 id = 197889
Thùy	 id = 197890
Xinh	 id = 197891
Thụy	 id = 197892
Tiên	 id = 197893
Arthur	 id = 197894
Thúc	 id = 197895
Lynn	 id = 197896
Kiều	 id = 197897
Chiến	 id = 197898
Ưng	 id = 197899
Ứng	 id = 197900
Chiêu	 id = 197901
Khôi	 id = 197902
Nghiệp	 id = 197903
Ái	 id = 197904
Mỹ	 id = 195523
Kim	 id = 197905
Hóa	 id = 197906
Chuẩn	 id = 197907
Hiểu	 id = 197908
Min	 id = 197909
Chém	 id = 197910
Ngạn	 id = 197911
Thường	 id = 197912
Phi	 id = 197913
Bạch	 id = 197914
Cảng	 id = 197915
Quý	 id = 197916
Cảnh	 id = 197917
Hữu	 id = 197918
Phúc	 id = 197919
Phu	 id = 197920
Tuấn	 id = 197921
Minh	 id = 197922
Hye	 id = 197923
Lê	 id = 197924
Thuận	 id = 197925
Tinh	 id = 197926
Sương	 id = 197927
Tuyết	 id = 197928
Bắc	 id = 198472
Nữ	 id = 197929
Quốc	 id = 197930
Thần	 id = 197931
Ân	 id = 197932
Duệ	 id = 197933
Đinh	 id = 197934
Khâm	 id = 197935
Đạo	 id = 197936
Lão	 id = 197937
Á	 id = 197938
Đại	 id = 197939
Hạnh	 id = 197940
Nghiêm	 id = 197941
Tuyên	 id = 197942
So	 id = 197943
Ý	 id = 195531
Phẩm	 id = 197944
Ah	 id = 197945
Nô	 id = 197946
Chỉ	 id = 197947
Tâm	 id = 197948
Kiến	 id = 197949
Sun	 id = 197950
Gia	 id = 197951
An	 id = 197952
Kỳ	 id = 197953
Tiễn	 id = 197954
Sa	 id = 128599
Phong	 id = 197955
Phan	 id = 197956
Kỷ	 id = 197957
Miên	 id = 197958
Sáng	 id = 197959
Hựu	 id = 197960
Nại	 id = 197961
Tòng	 id = 197962
Thúy	 id = 197963
Viên	 id = 197964
Bang	 id = 197965
Lực	 id = 197966
Nghệ	 id = 197967
Dật	 id = 197968
Quần	 id = 197969
Tân	 id = 197970
Nhuệ	 id = 197971
Lân	 id = 197972
Sung	 id = 197973
Sơn	 id = 197974
(Nhà	 id = 205083
Đồng	 id = 197976
Doãn	 id = 197977
Huệ	 id = 197978
Nguyên	 id = 197979
Hân	 id = 197980
Vạn	 id = 197981
Hâm	 id = 197982
Thục	 id = 197983
Mô	 id = 197984
Đắc	 id = 197985
Khởi	 id = 197986
Ra	 id = 197987
Trường	 id = 197988
Đa	 id = 197989
Dzoãn	 id = 197990
Diệc	 id = 197991
Thăng	 id = 197992
Hàm	 id = 197993
Tịnh	 id = 197994
Tài	 id = 197995
Huy	 id = 197996
Hòa	 id = 197997
Giám	 id = 197998
Tấn	 id = 197999
Nguyễn	 id = 198000
Trọng	 id = 198001
Vĩnh	 id = 198002
Nhất	 id = 198003
Hà	 id = 198004
Nhà	 id = 197975
Hinh	 id = 198005
Diệu	 id = 198006
Tĩnh	 id = 198007
Nhã	 id = 198008
Đức	 id = 195528
La	 id = 198009
Dụ	 id = 198010
Long	 id = 198011
Khánh	 id = 198012
Ðĩnh	 id = 198013
Thiều	 id = 198014
Đạt	 id = 198015
Trấn	 id = 198016
Quỳnh	 id = 198017
Chủ	 id = 198018
Cự	 id = 198019
Thủy	 id = 198020
Cơ	 id = 198021
(nhân	 id = 205084
Hồn	 id = 198022
Duy	 id = 198023
Vĩ	 id = 198024
Việt	 id = 198025
Thành	 id = 198026
Thượng	 id = 198027
Kon	 id = 198028
Phật	 id = 198029
Uyên	 id = 198030
Diễm	 id = 198031
Bình	 id = 198032
Lương	 id = 198033
Huyng	 id = 198034
Trạch	 id = 198035
Quảng	 id = 198036
Na	 id = 198037
Thoại	 id = 198038
Thừa	 id = 198039
Hạ	 id = 198040
Thiết	 id = 198041
Hùng	 id = 198042
Tam	 id = 198043
Thiếu	 id = 198044
Hee	 id = 198045
Thông	 id = 198046
Nhuận	 id = 198047
Sinh	 id = 198048
Trần	 id = 198049
Seung	 id = 198050
Ok	 id = 190395
Hoài	 id = 198051
Jeong	 id = 198052
Tư	 id = 198053
Tất	 id = 198054
Vũ	 id = 198055
Lưu	 id = 198056
Tú	 id = 198057
Hương	 id = 198058
Đê	 id = 198059
Nam	 id = 198754
Xuân	 id = 198060
Yến	 id = 198061
Khoa	 id = 198062
Giê	 id = 198063
Phước	 id = 198064
Kính	 id = 198065
Woo	 id = 198066
Thạc	 id = 198067
Trương	 id = 198068
Yong	 id = 198069
Triệu	 id = 198070
Thời	 id = 198071
Cô	 id = 198072
Sĩ	 id = 198073
Tae	 id = 198074
Tri	 id = 198075
Mạt	 id = 198076
Yu	 id = 198077
Ha	 id = 198078
Chí	 id = 198079
Đầu	 id = 198080
Jae	 id = 198081
Hi	 id = 198082
Vỹ	 id = 198083
Thiên	 id = 198084
Kiệt	 id = 198085
Lam	 id = 198086
Hưng	 id = 198087
Mai	 id = 198088
Lan	 id = 198089
Huỳnh	 id = 198090
Tường	 id = 198091
Hy	 id = 198092
Giản	 id = 198093
Anh	 id = 195522
Ðình	 id = 198094
Tiến	 id = 198095
Hạo	 id = 198096
Dung	 id = 198097
Thánh	 id = 198098
Quán	 id = 198099
Hồ	 id = 198100
Già	 id = 198101
Danh	 id = 198102
William	 id = 198103
Tổ	 id = 198104
Il	 id = 198105
Sỹ	 id = 198106
Khang	 id = 198107
Chấn	 id = 198108
Đĩnh	 id = 198109
Lệ	 id = 198110
Công	 id = 198111
Bích	 id = 198112
Đình	 id = 198113
Dịch	 id = 198114
Chánh	 id = 198115
Ja	 id = 198116
Nguyệt	 id = 198117
Thái	 id = 198118
Yun	 id = 198119
Cao	 id = 198120
Từ	 id = 198121
Tử	 id = 198122
Mạnh	 id = 198123
Dae	 id = 198124
Khải	 id = 198125
Xun	 id = 198126
Cấn	 id = 198127
Ðăng	 id = 198128
Dĩ	 id = 198129
Vân	 id = 198130
Kesley	 id = 198131
Kế	 id = 198132
Hải	 id = 198133
Nhạc	 id = 198134
Chính	 id = 198135
Ánh	 id = 198136
Vệ	 id = 198137
Hoa	 id = 198138
Lạc	 id = 198139
Bằng	 id = 198140
Trúc	 id = 198141
Đan	 id = 198142
Đông	 id = 198143
Mặc	 id = 198144
Ki	 id = 198145
Võ	 id = 198146
Ích	 id = 198147
