trưởng
phó
phó trưởng
chủ tịch
phó chủ tịch
chủ nhiệm
phó chủ nhiệm
chủ bút
giám đốc
phó giám đốc
tổng giám đốc
tổng biên tập
uỷ viên
thành viên
lớp trưởng
nhóm trưởng
tổ trưởng
lớp phó
tổ phó
đội trưởng
bàn trưởng
thủ tướng
phó thủ tướng
phó thủ tướng thường trực
chủ tịch nước
phó chủ tịch nước
tổng thống
phó tổng thống
bộ trưởng
phó bộ trưởng
cục trưởng
phó cục trưởng
cục phó
viện trưởng
viện phó
phó viện trưởng
vụ trưởng
vụ phó
phó vụ trưởng
quốc vương
phó vương
vua
hoàng đế
bá tước
công tước
nam tước
hầu tước
hoàng hậu
chính phi
phi tần
phi
công chúa
hoàng tử
nữ hoàng
hoàng phi
Nhật hoàng
Nga hoàng
hoàng gia
hoàng tộc
nhà vua
trùm
lãnh tụ
lãnh tụ tinh thần
chỉ huy cấp cao
chỉ huy
thủ lĩnh
thủ trưởng
thủ lãnh
nhân vật số hai
thống đốc
tổng đốc
GĐ
PGĐ
CT
PCT
CN
TT
TTg
UV