Toshiba	 id = 182614
Sony	 id = 182617
HP	 id = 51243
Acer	 id = 182615
Dell	 id = 179473
HP Compaq	 id = 205086
Lenovo-IBM	 id = 182616
Sony	 id = 182617
Toshiba	 id = 182614
Asus	 id = 182618
Fujitsu	 id = 182621
Gateway	 id = 182498
MSI	 id = 37912
Samsung	 id = 37822
Apollo	 id = 181940
Astone	 id = 182734
Averatec	 id = 182633
Axioo	 id = 182725
BenQ	 id = 182630
Clevo	 id = 205087
CMS	 id = 182727
Compaq	 id = 205088
Digital Storm	 id = 205089
EUROCOM	 id = 205090
Everex	 id = 182741
Extrozi	 id = 182737
FlyBook	 id = 182733
FPT Elead	 id = 205091
Getac	 id = 205092
Gigabyte	 id = 205093
Haier	 id = 180252
Hasee	 id = 182730
Hitachi	 id = 182656
IBM	 id = 182627
iBUYPOWER	 id = 182732
Jetway	 id = 182758
Jolicloud	 id = 205094
Kobalt	 id = 205095
LG	 id = 182249
Maingear	 id = 205096
Nec	 id = 182622
Nexoc	 id = 182742
Otxun	 id = 205097
PACKARD BELL	 id = 182750
Panasonic	 id = 51840
Sharp	 id = 182735
Sotec	 id = 182749
Suzuki	 id = 182748
TCL	 id = 182747
Tulip	 id = 182746
Twinhead	 id = 182745
Velocity	 id = 205098
Viewsonic	 id = 182726
Visionman	 id = 182728
VNPC	 id = 182744
Vopen	 id = 182743
VTB	 id = 182740
ZTsystems	 id = 182739
