Nike	ID=50	Left=12456	Right=13141	 id = 205099
INC	ID=61	Left=298996	Right=299009	 id = 205100
Jack	ID=113	Left=241024	Right=241025	 id = 205101
Diesel	ID=161	Left=111490	Right=111759	 id = 205102
Nhà Bè	ID=199	Left=176656	Right=176657	 id = 192973
NEM	ID=271	Left=369334	Right=369335	 id = 205103
HY	ID=310	Left=391040	Right=391051	 id = 198092
ICE	ID=316	Left=377868	Right=377869	 id = 205104
Commando	ID=393	Left=302418	Right=302419	 id = 32265
MIA	ID=396	Left=220578	Right=220579	 id = 205105
Bon bon	ID=468	Left=264944	Right=264945	 id = 205106
Bra	ID=471	Left=260084	Right=260085	 id = 205107
SY	ID=547	Left=129810	Right=129811	 id = 205108
ES	ID=645	Left=14366	Right=14367	 id = 205109
HE	ID=648	Left=336574	Right=336575	 id = 205110
Khác	ID=697	Left=255160	Right=255361	 id = 205111
Tote	ID=705	Left=378120	Right=378121	 id = 205112
Chocolate	ID=890	Left=25720	Right=25721	 id = 205113
Kappa	ID=945	Left=242432	Right=242441	 id = 205114
Samsonite	ID=1017	Left=129316	Right=129361	 id = 205115
Hype	ID=1042	Left=101526	Right=101527	 id = 205116
Kara	ID=1080	Left=298770	Right=298771	 id = 205117
Mica	ID=1259	Left=72686	Right=72687	 id = 205118
Taiga	ID=1429	Left=380382	Right=380383	 id = 205119
Gấu	ID=1435	Left=146000	Right=146001	 id = 205120
Titan	ID=1477	Left=167074	Right=167193	 id = 205121
Luna	ID=1559	Left=4634	Right=4635	 id = 205122
Omega	ID=1631	Left=245036	Right=245435	 id = 205123
Mission	ID=1632	Left=27882	Right=27981	 id = 205124
Phú quý	ID=1748	Left=74802	Right=74807	 id = 192996
Soda	ID=1770	Left=129386	Right=129389	 id = 205125
KH	ID=1790	Left=316500	Right=316501	 id = 205126
TOD	ID=1791	Left=247628	Right=247629	 id = 205127
CR	ID=1869	Left=110464	Right=110465	 id = 205128
Cat	ID=1884	Left=381078	Right=381089	 id = 205129
VA	ID=1905	Left=34580	Right=34581	 id = 205130
Creative	ID=1938	Left=325802	Right=326313	 id = 205131
ACC	ID=1939	Left=253806	Right=253811	 id = 205132
ROCKET	ID=1968	Left=118690	Right=118691	 id = 205133
AX	ID=1991	Left=4628	Right=4629	 id = 205134
SM	ID=2000	Left=304610	Right=304611	 id = 205135
Anh Quân	ID=2105	Left=107114	Right=107115	 id = 201033
Phosphor	ID=2153	Left=240000	Right=240003	 id = 205136
OP	ID=2214	Left=316682	Right=316779	 id = 205137
Delta	ID=2300	Left=198208	Right=198441	 id = 205138
Ball	ID=2379	Left=207712	Right=207713	 id = 205139
Dad	ID=2380	Left=125850	Right=125851	 id = 193393
Golf	ID=2474	Left=234514	Right=234515	 id = 205140
LIV	ID=2485	Left=382376	Right=382377	 id = 205141
Unico	ID=2511	Left=332300	Right=332301	 id = 205142
Rock	ID=2544	Left=180072	Right=180073	 id = 205143
Esperanto	ID=2766	Left=40982	Right=40983	 id = 205144
DY	ID=2994	Left=368342	Right=368343	 id = 197831
Gallery	ID=3418	Left=135258	Right=135259	 id = 205145
Jazz	ID=3423	Left=288774	Right=288775	 id = 205146
Neo	ID=3452	Left=136742	Right=136743	 id = 205147
CH	ID=3492	Left=30628	Right=30629	 id = 205148
Atlas	ID=3637	Left=183536	Right=183617	 id = 205149
TIM	ID=3691	Left=33894	Right=33895	 id = 205150
Ngọc Lan	ID=3740	Left=266996	Right=266997	 id = 197643
Salon	ID=3983	Left=264814	Right=264815	 id = 205151
Toa	ID=4053	Left=387988	Right=388449	 id = 198906
Lambda	ID=4065	Left=95144	Right=95147	 id = 205152
AU	ID=4098	Left=116816	Right=116961	 id = 205153
Micron	ID=4133	Left=260836	Right=260841	 id = 205154
Gigabyte	ID=4159	Left=201074	Right=202631	 id = 205093
ECS	ID=4186	Left=206796	Right=207119	 id = 205155
Hec	ID=4324	Left=168046	Right=168109	 id = 205156
Alpha	ID=4375	Left=28726	Right=28791	 id = 205157
RAD	ID=4466	Left=238596	Right=238599	 id = 205158
Net	ID=4488	Left=101884	Right=101895	 id = 205159
Amp	ID=4501	Left=182044	Right=182071	 id = 205160
Deca	ID=4617	Left=87506	Right=87509	 id = 205161
Kangaroo	ID=4654	Left=16088	Right=16387	 id = 205162
Vol	ID=4662	Left=302508	Right=302521	 id = 205163
MAG	ID=4755	Left=92696	Right=92719	 id = 205164
Cancer	ID=4807	Left=63050	Right=63053	 id = 205165
Marathon	ID=4827	Left=11848	Right=11853	 id = 205166
Sigma	ID=4875	Left=74518	Right=74801	 id = 205167
Pos	ID=4973	Left=316536	Right=316563	 id = 205168
Robot	ID=4984	Left=125470	Right=125573	 id = 205169
Microcom	ID=5043	Left=381464	Right=381487	 id = 205170
Pi	ID=5064	Left=265086	Right=265091	 id = 205171
Cata	ID=5081	Left=390210	Right=390651	 id = 205172
ETA	ID=5193	Left=267158	Right=267169	 id = 205173
Tinh Anh	ID=5207	Left=334708	Right=334775	 id = 205174
Jen	ID=5212	Left=106864	Right=106869	 id = 205175
Media	ID=5236	Left=45242	Right=45343	 id = 205176
Super	ID=5256	Left=94700	Right=94763	 id = 205177
Tây thi	ID=5334	Left=243628	Right=243629	 id = 205178
Unic	ID=5354	Left=48666	Right=48679	 id = 205179
Domino	ID=5387	Left=259100	Right=259101	 id = 205180
Mada	ID=5414	Left=214782	Right=214789	 id = 205181
Sơn Hà	ID=5462	Left=70826	Right=70999	 id = 193057
Olympic	ID=5472	Left=183804	Right=183857	 id = 205182
Lap	ID=5477	Left=168490	Right=168493	 id = 205183
Cotto	ID=5487	Left=366258	Right=366311	 id = 205184
Crom	ID=5493	Left=241430	Right=241431	 id = 205185
Thần Đồng	ID=5505	Left=106456	Right=106459	 id = 205186
Vạn Niên	ID=5513	Left=175138	Right=175139	 id = 205187
Ace	ID=5591	Left=301990	Right=302001	 id = 205188
Bình An	ID=5598	Left=259980	Right=259987	 id = 205189
Hoàn Mỹ	ID=5603	Left=239594	Right=239595	 id = 205190
Hải Âu	ID=5608	Left=240966	Right=240967	 id = 205191
Hải Dương	ID=5609	Left=45842	Right=45843	 id = 192536
Thiên Nga	ID=5614	Left=315928	Right=315929	 id = 205192
Silicone	ID=5631	Left=78464	Right=78465	 id = 205193
Rạng Đông	ID=5636	Left=250820	Right=250833	 id = 205194
Nghị Lực	ID=5651	Left=265620	Right=265621	 id = 205195
Thế Gia	ID=5653	Left=207322	Right=207323	 id = 205196
Thanh Long	ID=5656	Left=201010	Right=201011	 id = 205197
Studio	ID=5671	Left=16086	Right=16087	 id = 205198
Thổ cẩm	ID=5709	Left=90296	Right=90297	 id = 205199
Granito	ID=5711	Left=15374	Right=15375	 id = 205200
Leo	ID=5813	Left=196500	Right=196513	 id = 205201
Lavabo	ID=5855	Left=295924	Right=295925	 id = 205202
Cello	ID=5897	Left=244336	Right=244337	 id = 205203
Massage	ID=5906	Left=311706	Right=311715	 id = 205204
Công Thành	ID=5979	Left=72568	Right=72569	 id = 205205
Thiên Ân	ID=5988	Left=260432	Right=260433	 id = 205206
Quang Vinh	ID=5989	Left=204668	Right=204669	 id = 200948
Nom	ID=6007	Left=327544	Right=327547	 id = 205207
Gothic	ID=6074	Left=344246	Right=344247	 id = 205208
Sun	ID=6100	Left=45616	Right=45619	 id = 197950
PAL	ID=6168	Left=34444	Right=34459	 id = 205209
Thanh Vân	ID=6176	Left=221978	Right=221979	 id = 205210
Fa	ID=6198	Left=366140	Right=366141	 id = 205211
Trường Thọ	ID=6225	Left=260066	Right=260073	 id = 205212
Amy	ID=6240	Left=387040	Right=387117	 id = 205213
Uni	ID=6266	Left=245670	Right=245671	 id = 205214
Ưu Việt	ID=6279	Left=16032	Right=16033	 id = 205215
Ser	ID=6291	Left=387430	Right=387431	 id = 205216
Thiên Thanh	ID=6294	Left=227482	Right=227485	 id = 205217
Duy Tân	ID=6299	Left=333346	Right=333347	 id = 205218
Hướng Dương	ID=6320	Left=135800	Right=135801	 id = 205219
Care	ID=6340	Left=364334	Right=364343	 id = 205220
Halo	ID=6348	Left=207220	Right=207221	 id = 205221
Sơn Ca	ID=6398	Left=252964	Right=252973	 id = 205222
Gia Bảo	ID=6410	Left=392974	Right=392975	 id = 205223
Welco	ID=6419	Left=334154	Right=334159	 id = 205224
Silicon	ID=6441	Left=233776	Right=233901	 id = 53450
Ring	ID=6486	Left=238904	Right=238913	 id = 205225
Star	ID=6500	Left=393090	Right=393145	 id = 205226
Este	ID=6517	Left=339602	Right=339605	 id = 205227
MEG	ID=6573	Left=273808	Right=273811	 id = 205228
Gale	ID=6630	Left=243742	Right=243801	 id = 205229
Kimon	ID=6694	Left=377028	Right=377033	 id = 205230
DOM	ID=6725	Left=66826	Right=66827	 id = 205231
SP	ID=6729	Left=83420	Right=83435	 id = 205232
Phong Phú	ID=6730	Left=233756	Right=233759	 id = 205233
AC	ID=6733	Left=196814	Right=196859	 id = 205234
Ballast	ID=6736	Left=118182	Right=118201	 id = 205235
Number	ID=6812	Left=204396	Right=204397	 id = 205236
AND	ID=6848	Left=134126	Right=134137	 id = 205237
Cas	ID=6862	Left=97696	Right=97761	 id = 205238
Beta	ID=6921	Left=371044	Right=371047	 id = 205239
Ken	ID=6977	Left=275008	Right=275065	 id = 198364
Scanner	ID=6993	Left=45198	Right=45201	 id = 205240
New	ID=7088	Left=171842	Right=171843	 id = 205241
Photon	ID=7227	Left=274984	Right=274989	 id = 205242
South	ID=7321	Left=92784	Right=92839	 id = 205243
Toàn Thắng	ID=7348	Left=272904	Right=272909	 id = 205244
Thái Dương	ID=7366	Left=268576	Right=268577	 id = 205245
Judo	ID=7370	Left=365070	Right=365073	 id = 205246
Mega	ID=7373	Left=83786	Right=83789	 id = 205247
Tiền Phong	ID=7387	Left=367044	Right=367581	 id = 205248
Hero	ID=7410	Left=10616	Right=10671	 id = 205249
Khai Sơn	ID=7441	Left=224798	Right=224813	 id = 205250
Lava	ID=7447	Left=319160	Right=319163	 id = 205251
Ami	ID=7594	Left=107158	Right=107187	 id = 205252
Tuấn Tú	ID=7663	Left=186242	Right=186249	 id = 205253
Expo	ID=7674	Left=126962	Right=126963	 id = 205254
Mỹ Đức	ID=7696	Left=322378	Right=322379	 id = 192944
Đồng Tâm	ID=7697	Left=318624	Right=318625	 id = 194071
Kato	ID=7732	Left=322444	Right=322459	 id = 205255
SH	ID=7790	Left=165350	Right=165351	 id = 205256
Medi	ID=7863	Left=240544	Right=240547	 id = 205257
AL	ID=7878	Left=266584	Right=266587	 id = 205258
AG	ID=7988	Left=226972	Right=226979	 id = 205259
Niken	ID=8038	Left=362034	Right=362077	 id = 205260
Thống Nhất	ID=8210	Left=147872	Right=147873	 id = 205261
Plastic	ID=8218	Left=45192	Right=45193	 id = 205262
Sams	ID=8346	Left=309568	Right=309589	 id = 205263
Cyber	ID=8356	Left=175836	Right=175837	 id = 205264
Os	ID=8365	Left=364040	Right=364041	 id = 205265
Creat	ID=8423	Left=252920	Right=252923	 id = 205266
Toàn Cầu	ID=8456	Left=318518	Right=318519	 id = 205267
Thanh Quang	ID=8484	Left=251060	Right=251061	 id = 205268
Acco	ID=8529	Left=94284	Right=94285	 id = 205269
Hồng Hà	ID=8556	Left=63664	Right=63665	 id = 205270
MIC	ID=8562	Left=168526	Right=168527	 id = 205271
Kim Đồng	ID=8564	Left=181302	Right=181303	 id = 193923
Online	ID=8570	Left=78220	Right=78221	 id = 205272
ATM	ID=8575	Left=316244	Right=316245	 id = 205273
Telex	ID=8600	Left=382380	Right=382381	 id = 205274
GL	ID=8625	Left=142978	Right=142979	 id = 205275
Hip	ID=8788	Left=87528	Right=87541	 id = 205276
Ion	ID=8798	Left=10840	Right=10843	 id = 205277
iNO	ID=8836	Left=80288	Right=80301	 id = 205278
Accord	ID=8854	Left=63116	Right=63127	 id = 205279
Micro	ID=8936	Left=45154	Right=45159	 id = 205280
Điện Lực	ID=8982	Left=215870	Right=215871	 id = 205281
Xenon	ID=9034	Left=171064	Right=171101	 id = 205282
Proton	ID=9099	Left=310560	Right=310569	 id = 205283
Opera	ID=9219	Left=242792	Right=242909	 id = 205284
Bazooka	ID=9274	Left=271324	Right=271343	 id = 205285
Mezo	ID=9325	Left=163622	Right=163623	 id = 205286
Missi	ID=9332	Left=108208	Right=108235	 id = 205287
Ruby	ID=9421	Left=361174	Right=361191	 id = 205288
Nat	ID=9439	Left=143066	Right=143069	 id = 205289
Trust	ID=9511	Left=103958	Right=103967	 id = 205290
Samson	ID=9571	Left=152984	Right=152985	 id = 205291
Bat	ID=9591	Left=257576	Right=257579	 id = 205292
DM	ID=9705	Left=203190	Right=203191	 id = 205293
Force	ID=9749	Left=31720	Right=31721	 id = 205294
Fisher	ID=9782	Left=110638	Right=110639	 id = 205295
LA	ID=9787	Left=242664	Right=242787	 id = 198009
TE	ID=9812	Left=305818	Right=305819	 id = 205296
Camera	ID=9823	Left=260906	Right=260907	 id = 205297
Boon	ID=9840	Left=269182	Right=269183	 id = 205298
Pip	ID=9852	Left=13808	Right=13809	 id = 205299
Kali	ID=9865	Left=320094	Right=320097	 id = 205300
Hipp	ID=9926	Left=97550	Right=97599	 id = 205301
Nan	ID=9930	Left=214090	Right=214091	 id = 205302
Xo	ID=9937	Left=274292	Right=274309	 id = 205303
Sma	ID=9947	Left=213858	Right=213859	 id = 205304
Dop	ID=10124	Left=69800	Right=69801	 id = 205305
Ren	ID=10592	Left=102642	Right=102643	 id = 205306
Oe	ID=10692	Left=168510	Right=168511	 id = 205307
Axe	ID=10716	Left=1250	Right=1251	 id = 205308
Oxy	ID=10722	Left=71628	Right=71629	 id = 205309
MAC	ID=10734	Left=332536	Right=332537	 id = 205310
Za	ID=10806	Left=103940	Right=103941	 id = 205311
Mum	ID=10820	Left=200040	Right=200041	 id = 205312
Serum	ID=10821	Left=339234	Right=339235	 id = 205313
HOT	ID=10878	Left=89628	Right=89629	 id = 205314
Fax	ID=10888	Left=8796	Right=8797	 id = 205315
Mỹ	ID=10915	Left=174656	Right=174657	 id = 195523
Đức	ID=10916	Left=253842	Right=253843	 id = 195528
Pháp	ID=10917	Left=244136	Right=244137	 id = 195524
Trio	ID=10996	Left=176854	Right=176855	 id = 205316
Mono	ID=10997	Left=196674	Right=196675	 id = 205317
Magnet	ID=11103	Left=226642	Right=226643	 id = 205318
Bio	ID=11480	Left=323934	Right=323935	 id = 205319
Đông Tây	ID=11538	Left=272712	Right=272713	 id = 205320
Vita	ID=11563	Left=381456	Right=381457	 id = 205321
Dược Liệu	ID=11573	Left=69726	Right=69727	 id = 205322
Thành Công	ID=11586	Left=239292	Right=239295	 id = 193944
Neuro	ID=11637	Left=164620	Right=164621	 id = 205323
Amino	ID=11694	Left=321776	Right=321777	 id = 205324
Động Lực	ID=11731	Left=69922	Right=70285	 id = 205325
CUN	ID=11785	Left=94282	Right=94283	 id = 205326
Pro	ID=11814	Left=326386	Right=326387	 id = 205327
UN	ID=11834	Left=300544	Right=300545	 id = 198363
LY	ID=11840	Left=103230	Right=103231	 id = 198741
KW	ID=11842	Left=335682	Right=335683	 id = 205328
Kin	ID=11911	Left=225606	Right=225607	 id = 198381
So	ID=11949	Left=344544	Right=344545	 id = 197943
KM	ID=11993	Left=239300	Right=239301	 id = 205329
Long	ID=12002	Left=392624	Right=392625	 id = 198011
Paraffin	ID=12052	Left=264646	Right=264667	 id = 205330
Kimono	ID=12078	Left=374636	Right=374637	 id = 205331
Stud	ID=12103	Left=30630	Right=30631	 id = 205332
Ky	ID=12133	Left=118202	Right=118203	 id = 205333
Linh Chi	ID=12185	Left=185978	Right=185979	 id = 205334
Zero	ID=12200	Left=165692	Right=165693	 id = 205335
Lab	ID=12208	Left=207240	Right=207241	 id = 205336
Conta	ID=12305	Left=238602	Right=238603	 id = 205337
Kia	ID=12333	Left=65696	Right=66031	 id = 205338
Jac	ID=12334	Left=237970	Right=238017	 id = 205339
Sym	ID=12335	Left=28262	Right=28371	 id = 205340
Trường Giang	ID=12344	Left=199928	Right=199951	 id = 196008
Man	ID=12353	Left=77988	Right=78009	 id = 198227
Audi	ID=12360	Left=129402	Right=129567	 id = 205341
Jeep	ID=12369	Left=14710	Right=14749	 id = 205342
Tia Sáng	ID=12406	Left=75518	Right=75523	 id = 205343
Hertz	ID=12409	Left=328654	Right=328707	 id = 205344
Le	ID=12460	Left=365822	Right=365825	 id = 205345
Bugi	ID=12693	Left=106886	Right=106887	 id = 205346
Indi	ID=12832	Left=104174	Right=104175	 id = 205347
Hoàng Gia	ID=12855	Left=298774	Right=298777	 id = 205348
Vodka	ID=12869	Left=15782	Right=15783	 id = 205349
Lu	ID=12898	Left=338560	Right=338561	 id = 205350
Hải Hà	ID=12916	Left=208194	Right=208201	 id = 205351
Kinh Đô	ID=12927	Left=239430	Right=239505	 id = 205352
Hữu Nghị	ID=12930	Left=299140	Right=299141	 id = 205353
Hưng Thịnh	ID=12931	Left=79974	Right=79975	 id = 205354
Đại Tài	ID=12933	Left=166678	Right=166679	 id = 205355
Thanh Tân	ID=12962	Left=234506	Right=234507	 id = 205356
Trung Thành	ID=12963	Left=205316	Right=205327	 id = 205357
Trung Nguyên	ID=12964	Left=227248	Right=227295	 id = 205358
Long Đình	ID=13013	Left=315402	Right=315403	 id = 205359
Gia truyền	ID=13030	Left=300764	Right=300771	 id = 205360
Thái Bảo	ID=13036	Left=145134	Right=145175	 id = 202853
Đại Gia	ID=13039	Left=316586	Right=316613	 id = 205361
Kim Anh	ID=13041	Left=126694	Right=126709	 id = 197582
Khôi nguyên	ID=13046	Left=147956	Right=147967	 id = 205362
Kinh thành	ID=13052	Left=174970	Right=174971	 id = 205363
Anh đào	ID=13267	Left=30100	Right=30113	 id = 205364
Gin	ID=13357	Left=72682	Right=72683	 id = 205365
Coca	ID=13389	Left=145732	Right=145745	 id = 205366
Moa	ID=13404	Left=379746	Right=379747	 id = 205367
Thần tài	ID=13513	Left=264942	Right=264943	 id = 205368
Hạnh phúc	ID=13530	Left=169086	Right=169095	 id = 205369
Thượng Hoàn	ID=13603	Left=34410	Right=34411	 id = 205370
Lưu Ly	ID=13623	Left=26270	Right=26271	 id = 205371
Don	ID=13629	Left=382162	Right=382163	 id = 204758
Big	ID=13648	Left=16060	Right=16061	 id = 205372
Hải Yến	ID=13694	Left=328640	Right=328643	 id = 204130
Hoàng Yến	ID=13695	Left=62058	Right=62063	 id = 202796
Ngôi Sao	ID=13696	Left=336804	Right=336807	 id = 205373
Thanh Minh	ID=13719	Left=253848	Right=253899	 id = 197702
Check	ID=13723	Left=202808	Right=202809	 id = 205374
Gal	ID=13767	Left=259856	Right=259885	 id = 205375
Thành Tâm	ID=13769	Left=143320	Right=143327	 id = 205376
Quả cân	ID=101459	Left=10057	Right=10058	ContextID=1748	ContextLeft=1957	ContextRight=1958	 id = 205377
