3dmark vantage	count=3	 id = 205450
7d	count=3	 id = 205451
a-gps	count=3	 id = 205452
a200	count=3	 id = 128605
a2dp	count=3	 id = 205453
acer aspire 3810t	count=3	 id = 205454
adobe photoshop cs3	count=3	 id = 205455
adreno 205	count=3	 id = 205456
aim	count=3	 id = 205457
ampli	count=3	 id = 205458
android 2.2	count=3	 id = 205459
android market	count=3	 id = 205460
arm 11	count=3	 id = 205461
asus g70	count=3	 id = 205462
asus w90	count=3	 id = 205463
ati radeon hd 3200	count=3	 id = 205464
atom n280	count=3	 id = 205465
backflip	count=3	 id = 205466
bold 9790	count=3	 id = 205467
boot camp	count=3	 id = 205468
bravia	count=3	 id = 205469
c8000	count=3	 id = 205470
cameralabs	count=3	 id = 205423
canon eos 60d	count=3	 id = 205471
canon hg10	count=3	 id = 205472
canon powershot g11	count=3	 id = 159796
canon powershot sx150 is	count=3	 id = 205473
canon sx150 is	count=3	 id = 205474
centrino 2	count=3	 id = 205475
cf	count=3	 id = 205476
clearblack	count=3	 id = 205477
coex	count=3	 id = 182934
compact	count=3	 id = 181599
cookie	count=3	 id = 205478
cyber-shot	count=3	 id = 205479
ddr2	count=3	 id = 205480
dell vostro 3400	count=3	 id = 23225
dell vostro v130	count=3	 id = 23245
dell xps 15z	count=3	 id = 23336
desire s	count=3	 id = 205481
desperado	count=3	 id = 180986
diamond	count=3	 id = 180172
dolby home theater	count=3	 id = 205482
dream	count=3	 id = 205483
e6	count=3	 id = 205484
edifier s2000	count=3	 id = 205485
eos 1100d	count=3	 id = 205486
expresscard/34	count=3	 id = 205487
far cry 2	count=3	 id = 205488
fpt f99	count=3	 id = 205489
g42	count=3	 id = 54946
galaxy tab 7.0 plus	count=3	 id = 205490
gd880	count=3	 id = 205491
gsm	count=3	 id = 205492
handbrake	count=3	 id = 205493
hd mini	count=3	 id = 205494
hp	count=3	 id = 51243
hp touchsmart tx2	count=3	 id = 17909
hp voodoo	count=3	 id = 205495
hp voodoo 133	count=3	 id = 205496
htc hero	count=3	 id = 125553
htc touch	count=3	 id = 125667
htc touch 3g	count=3	 id = 125574
huawei ideos x5	count=3	 id = 205497
ideapad	count=3	 id = 205498
ideos x5	count=3	 id = 205499
innov8	count=3	 id = 205500
intel atom n270	count=3	 id = 205501
intel core 2 duo p7550	count=3	 id = 205502
intel core 2 duo su9400	count=3	 id = 205503
intel core 2 duo t5800	count=3	 id = 205504
intel core i5	count=3	 id = 205505
intel g41	count=3	 id = 205506
intel gma 950	count=3	 id = 205507
internet explorer	count=3	 id = 205508
internet@tv	count=3	 id = 205509
ipod touch	count=3	 id = 205510
jbl	count=3	 id = 183439
kx-r	count=3	 id = 205511
lcd c750	count=3	 id = 205512
le600	count=3	 id = 205513
le600e	count=3	 id = 205514
led c7000	count=3	 id = 205515
led plus	count=3	 id = 205516
legend	count=3	 id = 183736
lenovo x301	count=3	 id = 205517
lg optimus 3d p920	count=3	 id = 124937
lrs	count=3	 id = 205518
microsoft office 2007	count=3	 id = 205519
mini 10	count=3	 id = 205520
mos	count=3	 id = 205521
motorola backflip	count=3	 id = 125896
msi wind	count=3	 id = 205522
netbook	count=3	 id = 205523
nexus s	count=3	 id = 205524
nfc	count=3	 id = 205525
nikon p7000	count=3	 id = 205526
nokia e52	count=3	 id = 134472
nokia maps	count=3	 id = 205527
nokia x3 touch and type	count=3	 id = 205528
nokia x7	count=3	 id = 205529
norton internet security	count=3	 id = 205530
nova	count=3	 id = 183519
nvidia geforce 9600m gt	count=3	 id = 205531
nvidia geforce 9800m gts	count=3	 id = 205532
nvidia geforce gt 240m	count=3	 id = 205533
omnia i900	count=3	 id = 205534
omnia pro b7610	count=3	 id = 205535
optoma hd20lv	count=3	 id = 89878
ovi	count=3	 id = 205536
p6000	count=3	 id = 205537
p7804g	count=3	 id = 205538
pavilion dm3	count=3	 id = 205539
pcmag	count=3	 id = 205415
pda	count=3	 id = 205540
phần mềm	count=3	 id = 205541
pine trail	count=3	 id = 205542
ps50b850	count=3	 id = 205543
qosmio	count=3	 id = 205544
s730	count=3	 id = 205545
safari	count=3	 id = 181698
samsung c7000	count=3	 id = 205546
samsung galaxy s ii	count=3	 id = 205547
samsung galaxy tab 7 plus	count=3	 id = 205548
scorpion	count=3	 id = 179560
sennheiser omx 680i sports	count=3	 id = 52664
snow leopard	count=3	 id = 205549
sony cyber-shot t90	count=3	 id = 205550
sony tx1	count=3	 id = 205551
srs trusurround xt	count=3	 id = 205552
st600	count=3	 id = 205553
st700	count=3	 id = 205554
super amoled plus	count=3	 id = 205555
sx10 is	count=3	 id = 205556
tc-p46g10	count=3	 id = 142412
thinkpad edge	count=3	 id = 205557
toshiba satellite l640	count=3	 id = 205558
toshiba satellite t135	count=3	 id = 18105
touchwiz 2.0	count=3	 id = 205559
trumotion	count=3	 id = 205560
twitter	count=3	 id = 205561
u330	count=3	 id = 205562
ux21e	count=3	 id = 205563
vaio	count=3	 id = 205564
viewty	count=3	 id = 205565
windows phone	count=3	 id = 205566
xperia	count=3	 id = 205567
xperia x1	count=3	 id = 205568
130j	count=4	 id = 205569
1525	count=4	 id = 205570
2133 mini note	count=4	 id = 205571
3dmark03	count=4	 id = 205572
5740g	count=4	 id = 205573
5800	count=4	 id = 205574
60d	count=4	 id = 205575
6530s	count=4	 id = 205576
a230	count=4	 id = 205577
acer 3935	count=4	 id = 205578
acer timeline x 4820t	count=4	 id = 205579
ati radeon hd5470	count=4	 id = 205580
blackberry bold 9790	count=4	 id = 205581
blu-ray	count=4	 id = 205582
canon d10	count=4	 id = 205583
canon legria hf s200	count=4	 id = 205584
canon powershot g12	count=4	 id = 159810
canon powershot sx210 is	count=4	 id = 159991
canon powershot sx40 hs	count=4	 id = 205585
carl zeiss	count=4	 id = 205586
ccfl	count=4	 id = 205587
cnet	count=4	 id = 182960
company of heroes	count=4	 id = 205588
concept	count=4	 id = 205589
curve	count=4	 id = 188809
dell inspiron mini 9	count=4	 id = 60831
dell studio xps 13	count=4	 id = 22959
el1600	count=4	 id = 205590
emachine el1600	count=4	 id = 205591
emachines el1600	count=4	 id = 56807
envy	count=4	 id = 205592
eos 7d	count=4	 id = 205593
expresscard/54	count=4	 id = 205594
flash	count=4	 id = 205595
fujifilm hs10	count=4	 id = 205596
g50	count=4	 id = 54942
galaxy mini	count=4	 id = 205597
gateway uc7807u	count=4	 id = 31247
geforce 9600m	count=4	 id = 205598
google phone	count=4	 id = 205599
gorilla	count=4	 id = 205600
hd20lv	count=4	 id = 205601
hd7	count=4	 id = 205602
hdtv	count=4	 id = 205603
hp dv2	count=4	 id = 205604
hp dv7t quad-core	count=4	 id = 205605
hp elitebook 6930p	count=4	 id = 23624
hp g42	count=4	 id = 25456
hp g60	count=4	 id = 23599
hp pavilion	count=4	 id = 205606
hp probook	count=4	 id = 205607
hp protecttools	count=4	 id = 205608
hsdpa	count=4	 id = 183058
htc touch pro 2	count=4	 id = 125562
htr-6240	count=4	 id = 205609
hx925	count=4	 id = 205610
intel centrino 2	count=4	 id = 205611
intel core i3	count=4	 id = 205612
intel graphics media accelerator 4500mhd	count=4	 id = 205613
intel n455	count=4	 id = 205614
ipod shuffle 4 gb	count=4	 id = 205615
kuro	count=4	 id = 205616
led	count=4	 id = 205617
lenovo ideapad s10	count=4	 id = 60719
lenovo ideapad u110	count=4	 id = 29322
lg le7500	count=4	 id = 205618
lg renoir	count=4	 id = 205619
lg sl90	count=4	 id = 205620
lithium ion	count=4	 id = 205621
lumix dmc-ft1/ts1	count=4	 id = 205622
lumix lx3	count=4	 id = 205623
m054	count=4	 id = 205624
mac os x	count=4	 id = 205625
mac os x 10.5 leopard	count=4	 id = 205626
macbook pro 13	count=4	 id = 205627
macbook vỏ nhựa 2009	count=4	 id = 205628
meego	count=4	 id = 205629
microsoft word 2007	count=4	 id = 58019
mobile bravia engine	count=4	 id = 205630
monolithic	count=4	 id = 205631
motorola surf a3100	count=4	 id = 205632
mpx300	count=4	 id = 205633
msi x400-slim	count=4	 id = 205634
musicbox	count=4	 id = 205635
n-series	count=4	 id = 205636
nvidia 9400m gt	count=4	 id = 205637
nvidia geforce g 105m	count=4	 id = 205638
nw120j	count=4	 id = 205639
olympus tough 8000	count=4	 id = 205640
omx 680i	count=4	 id = 205641
optimus 2x	count=4	 id = 205642
optimus 3d	count=4	 id = 205643
panasonic fz100	count=4	 id = 205644
panasonic lumix dmc-zr1	count=4	 id = 205645
pes2010	count=4	 id = 205646
portégé r830	count=4	 id = 205647
probook 4420s	count=4	 id = 205648
q-mobile q250	count=4	 id = 125077
qosmio x300	count=4	 id = 205649
quad core hd	count=4	 id = 205650
r700	count=4	 id = 205651
ray	count=4	 id = 205652
s100	count=4	 id = 131622
s5280d	count=4	 id = 205653
samsung apps	count=4	 id = 205654
samsung galaxy nexus	count=4	 id = 205655
samsung galaxy y	count=4	 id = 205656
samsung hw-c450	count=4	 id = 151894
samsung lcd c750	count=4	 id = 205657
samsung omnia ii	count=4	 id = 205658
samsung x360	count=4	 id = 205659
sansa clip	count=4	 id = 205660
schneider-kreuznach	count=4	 id = 205661
sennheiser pxc 310 bt	count=4	 id = 52478
sensation	count=4	 id = 205662
sharp le700	count=4	 id = 205663
sony alpha	count=4	 id = 205664
sony ericsson c905	count=4	 id = 125158
sony ericsson xperia active	count=4	 id = 125508
sony ericsson xperia arc	count=4	 id = 125427
sony ericsson xperia neo	count=4	 id = 125466
sony nex-c3	count=4	 id = 161869
sony vaio e series	count=4	 id = 205665
sony vaio p series	count=4	 id = 205666
sony vaio vgn-nw120j	count=4	 id = 205667
sx110 is	count=4	 id = 205668
symbian^3	count=4	 id = 205669
thinkpad sl500	count=4	 id = 205670
thinkpad t400	count=4	 id = 205671
thinkpad t60	count=4	 id = 19799
thinkpad x200	count=4	 id = 205672
toshiba a350-11n	count=4	 id = 205673
toshiba mini nb205-n210	count=4	 id = 60756
toshiba portege r500	count=4	 id = 30430
toshiba portégé r830	count=4	 id = 205674
toshiba portégé t210	count=4	 id = 205675
toshiba qosmio x500	count=4	 id = 205676
toshiba satellite a300	count=4	 id = 18290
toshiba satellite l300	count=4	 id = 205677
toshiba satellite l505	count=4	 id = 205678
tri-vista kwp	count=4	 id = 205679
ulv	count=4	 id = 205680
vaio e	count=4	 id = 205681
vaio p series	count=4	 id = 205682
wayfinder navigator 7	count=4	 id = 205683
wildfire s	count=4	 id = 205684
windows 7 premium	count=4	 id = 205685
windows 7 starter	count=4	 id = 205686
windows media center	count=4	 id = 205687
windows mobile 6.5	count=4	 id = 205688
wme	count=4	 id = 205689
x101	count=4	 id = 205690
x4500	count=4	 id = 205691
y530	count=4	 id = 18555
y650	count=4	 id = 205692
yahoo messenger	count=4	 id = 205693
zr	count=4	 id = 205694
120 is	count=5	 id = 205695
8900	count=5	 id = 205696
a300	count=5	 id = 205697
altec lansing	count=5	 id = 183389
ams primo	count=5	 id = 205698
android 4.0	count=5	 id = 205699
apple itunes	count=5	 id = 205700
apple macbook	count=5	 id = 205701
asus k43e	count=5	 id = 205702
ati	count=5	 id = 205703
blackberry curve 8900	count=5	 id = 125865
canon eos 500d	count=5	 id = 159807
canon g12	count=5	 id = 205704
cinebench 10	count=5	 id = 205705
e51	count=5	 id = 54916
edge	count=5	 id = 183023
eee pc	count=5	 id = 205706
eee pc 1008ha seashell	count=5	 id = 205707
flyer	count=5	 id = 205708
galaxy y	count=5	 id = 205709
gmail	count=5	 id = 205710
google nexus one	count=5	 id = 205711
hd2	count=5	 id = 205712
hkphone m45	count=5	 id = 205713
hp veer	count=5	 id = 129187
htc sensation	count=5	 id = 125658
hv20	count=5	 id = 205714
intel core i3-330m	count=5	 id = 205715
intel core i3-350m	count=5	 id = 205716
intel gma hd	count=5	 id = 205717
intel gma x4500	count=5	 id = 205718
iso	count=5	 id = 205719
ixus	count=5	 id = 205720
ixus 870 is	count=5	 id = 205721
k-5	count=5	 id = 205722
mediasmart	count=5	 id = 205723
n-gage	count=5	 id = 205724
n270	count=5	 id = 205725
n95	count=5	 id = 205726
neo	count=5	 id = 205147
nokia e6	count=5	 id = 123450
nokia n900	count=5	 id = 123095
nokia n97 mini	count=5	 id = 123112
nx720	count=5	 id = 205727
olympus e-p1	count=5	 id = 160899
opera mobile	count=5	 id = 205728
optimus one	count=5	 id = 205729
renoir	count=5	 id = 205730
seashell	count=5	 id = 205731
snapdragon	count=5	 id = 205732
sony vaio	count=5	 id = 36948
super amoled	count=5	 id = 205733
symbian	count=5	 id = 205734
thinkpad x301	count=5	 id = 205735
tizzbird f30	count=5	 id = 156118
touch diamond	count=5	 id = 205736
touch hd	count=5	 id = 205737
touchsmart tx2	count=5	 id = 205738
tt190ubx	count=5	 id = 205739
ua46b8000xm	count=5	 id = 205740
ux30	count=5	 id = 25669
vivaz	count=5	 id = 205741
windows 7 ultimate	count=5	 id = 205742
wprime	count=5	 id = 205743
zen x-fi	count=5	 id = 205744
acer aspire 5739g	count=6	 id = 205745
acer aspire one	count=6	 id = 205746
air	count=6	 id = 205747
alpha a330	count=6	 id = 205748
apple macbook pro	count=6	 id = 21729
arc	count=6	 id = 183753
asus p552w	count=6	 id = 205749
ati mobility radeon hd 5470	count=6	 id = 205750
beats audio	count=6	 id = 205751
canon eos 550d	count=6	 id = 161712
canon powershot s100	count=6	 id = 205752
canon sx120 is	count=6	 id = 205753
cinebench r10	count=6	 id = 205754
coex dvd-m054	count=6	 id = 205755
core i3	count=6	 id = 205756
curve 8900	count=6	 id = 205757
d90	count=6	 id = 205758
dell studio xps 16	count=6	 id = 18819
eee pc 1000h	count=6	 id = 60377
eee pc x101h	count=16	 id = 205759
express gate	count=6	 id = 205760
express gate cloud	count=6	 id = 205761
facebook	count=6	 id = 205762
fujifilm x100	count=6	 id = 205763
geforce 9600m gt	count=6	 id = 205764
hp pavilion dm3	count=6	 id = 25187
hp pavilion dv7t quad-core	count=6	 id = 205765
hp probook 4420s	count=6	 id = 23569
htc flyer	count=6	 id = 59844
htc hd7	count=6	 id = 125603
inspiron 1318	count=6	 id = 205766
inspiron 1525	count=6	 id = 205767
inspiron mini 9	count=6	 id = 205768
intel atom n280	count=6	 id = 205769
intel core 2 duo t6400	count=6	 id = 205770
intel quad core i7-2630qm	count=6	 id = 205771
lenovo h220	count=6	 id = 205772
lenovo u330	count=6	 id = 205773
lg optimus 3d	count=6	 id = 124936
lg80	count=6	 id = 205774
lumix	count=6	 id = 205775
msi x-slim x400	count=6	 id = 31451
nexus one	count=6	 id = 205776
nikon d5000	count=6	 id = 205777
nokia e63	count=6	 id = 123105
ovi store	count=6	 id = 205778
playstation 3	count=6	 id = 205779
portégé t210	count=6	 id = 205780
powershot d10	count=6	 id = 205781
powershot s90	count=6	 id = 205782
pro	count=6	 id = 205327
pro 15 inch	count=6	 id = 205783
q130	count=6	 id = 205784
samsung n110	count=6	 id = 60586
samsung ps50p91fh	count=6	 id = 142615
sennheiser hd 218	count=6	 id = 52455
sony ericsson t700	count=6	 id = 125152
sony hx925	count=6	 id = 205785
sony vaio fw351j/h	count=6	 id = 205786
sony vaio p	count=6	 id = 205787
straight talk	count=6	 id = 205788
sx120	count=6	 id = 205789
t3	count=6	 id = 205790
toshiba tecra r10	count=6	 id = 205791
toshiba tecra r840	count=6	 id = 205792
touchwiz	count=6	 id = 205793
tough 8000	count=6	 id = 205794
tz	count=6	 id = 205795
tz10	count=6	 id = 205796
u120	count=6	 id = 205797
vivienne tam	count=6	 id = 179846
w890	count=6	 id = 205798
windows 7 professional	count=6	 id = 205799
windows experience index	count=6	 id = 205800
windows media encoder	count=6	 id = 205801
windows media player	count=6	 id = 205802
x7	count=6	 id = 205803
xperia pro	count=6	 id = 205804
1000h	count=7	 id = 205805
1000he	count=7	 id = 205806
android 2.3 gingerbread	count=7	 id = 205807
blackberry	count=7	 id = 183577
core 2 duo	count=7	 id = 205808
cq60-419wm	count=7	 id = 205809
dell studio 1555	count=7	 id = 22697
dv3z	count=7	 id = 205810
g12	count=7	 id = 205811
galaxy tab 7 plus	count=7	 id = 205812
intel core 2 duo p7350	count=7	 id = 205813
intel pentium su2700	count=7	 id = 205814
ipad	count=7	 id = 205815
lg kf700	count=7	 id = 124557
macbook vỏ nhựa	count=7	 id = 205816
pcmark05	count=7	 id = 205817
s2000	count=7	 id = 205818
sager np5160	count=7	 id = 32035
sx210 is	count=7	 id = 205819
touch	count=7	 id = 189567
touch diamond 2	count=7	 id = 205820
voodoo envy 133	count=7	 id = 205821
windows mobile 6.1	count=7	 id = 205822
world of warcraft	count=7	 id = 205823
x101h	count=7	 id = 205824
a350	count=8	 id = 205825
ascend p1	count=8	 id = 205826
asus ux30	count=8	 id = 205827
be-718	count=8	 id = 205828
c3	count=8	 id = 205829
canon eos 1100d	count=8	 id = 161747
canon ixus 870 is	count=8	 id = 159853
canon powershot sx10 is	count=8	 id = 159840
dv5	count=8	 id = 205830
dv7	count=8	 id = 205831
dv7t	count=8	 id = 205832
envy 133	count=8	 id = 205833
firefox	count=8	 id = 205834
fw351	count=8	 id = 205835
iphone 3.0	count=8	 id = 205836
lenovo b460	count=8	 id = 29289
lenovo ideapad y530	count=8	 id = 29726
lenovo ideapad z460	count=8	 id = 29286
lg optimus 2x	count=8	 id = 205837
lifebook t5010	count=8	 id = 205838
md 221	count=8	 id = 205839
n8	count=8	 id = 205840
nokia n9	count=8	 id = 205841
q-mobile q218	count=8	 id = 125032
quicktime	count=8	 id = 205842
r830	count=8	 id = 205843
radeon hd 6770m	count=8	 id = 205844
samsung pl150	count=8	 id = 160515
satellite t135	count=8	 id = 205845
simpletap	count=8	 id = 205846
sony alpha a330	count=8	 id = 205847
sony hx5v	count=8	 id = 205848
sony vaio cs	count=8	 id = 205849
sx210	count=8	 id = 205850
symbian anna	count=8	 id = 205851
t550	count=8	 id = 205852
thinkpad t400s	count=8	 id = 30025
toshiba portégé z830	count=8	 id = 205853
tour	count=8	 id = 205854
tx2	count=8	 id = 205855
x400	count=8	 id = 128603
xo 3.0	count=8	 id = 205856
xperia arc	count=8	 id = 205857
xperia ray	count=8	 id = 205858
3d	count=9	 id = 205859
40le600e	count=9	 id = 205860
amoled	count=9	 id = 205861
apple macbook air	count=9	 id = 205862
ati mobility radeon hd 4570	count=9	 id = 205863
bada	count=9	 id = 185236
bold	count=9	 id = 187734
cookie wi-fi	count=9	 id = 205864
e-p1	count=9	 id = 205865
eee pc 1000he	count=19	 id = 60378
hp probook 4410s	count=9	 id = 23551
htc sensation xl	count=9	 id = 205866
iphone 3g	count=9	 id = 205867
kf700	count=9	 id = 205868
lcd	count=9	 id = 205869
macbook 13 inch	count=9	 id = 205870
nex-5	count=9	 id = 205871
panasonic lx3	count=9	 id = 205872
samsung wave	count=9	 id = 205873
sensation xl	count=9	 id = 205874
sony z590	count=9	 id = 205875
t135	count=9	 id = 205876
touch pro 2	count=9	 id = 205877
touchflo	count=9	 id = 205878
2140	count=10	 id = 205879
aspire 5739g	count=10	 id = 205880
asus ul30a-a1	count=10	 id = 205881
canon 1000d	count=10	 id = 205882
canon s90	count=10	 id = 205883
champ duos	count=10	 id = 205884
coex m054	count=10	 id = 205885
e52	count=10	 id = 205886
fz45	count=10	 id = 205887
g10	count=10	 id = 205888
hg10	count=10	 id = 205889
hp pavilion dv3z	count=10	 id = 24061
icepower	count=10	 id = 205890
ixus 120 is	count=10	 id = 205891
lenovo ideapad u330	count=10	 id = 18653
lh35	count=10	 id = 205892
lh50	count=10	 id = 205893
md331	count=10	 id = 205894
msi wind u123	count=10	 id = 60798
nex-c3	count=10	 id = 205895
nikon d90	count=10	 id = 205896
p552w	count=10	 id = 129269
p7000	count=10	 id = 205897
panasonic lumix fx38	count=10	 id = 205898
q-mobile t550	count=10	 id = 125070
razer carcharias	count=10	 id = 205899
samsung ex1	count=10	 id = 160544
samsung galaxy note	count=10	 id = 205900
slimline s5280d	count=10	 id = 205901
tc-pg10	count=10	 id = 205902
vaio -tt	count=10	 id = 205903
vaio -tt190ubx	count=10	 id = 205904
x-fi	count=10	 id = 205905
hp compaq 2230s	count=11	 id = 23961
hp compaq 6530s	count=11	 id = 23582
intel gma 4500mhd	count=11	 id = 205906
linux	count=11	 id = 183603
s740	count=11	 id = 205907
skype	count=11	 id = 205908
touch pro	count=11	 id = 205909
windows 8	count=11	 id = 205910
xperia active	count=11	 id = 205911
cp800	count=12	 id = 205912
digic 4	count=12	 id = 205913
fact.8	count=12	 id = 205914
fp3	count=12	 id = 205915
fx36	count=12	 id = 205916
fz40	count=12	 id = 160749
g1	count=12	 id = 205917
hp dv7t	count=12	 id = 205918
hp mini 1000	count=12	 id = 60503
hp pavilion dv4	count=12	 id = 17972
hp pavilion dv7t	count=12	 id = 25219
intel core 2 duo p8600	count=12	 id = 205919
ipod	count=12	 id = 205920
lenovo g530	count=12	 id = 18593
lenovo ideapad y650	count=12	 id = 29643
macbook pro 17 inch	count=12	 id = 205921
nokia lumia 900	count=12	 id = 205922
nvidia geforce 9400m	count=12	 id = 205923
pavilion dv3z	count=12	 id = 205924
photoshop	count=12	 id = 205925
sx120 is	count=12	 id = 205926
usher be-718	count=12	 id = 145746
wind u123	count=12	 id = 205927
windows phone 7	count=12	 id = 205928
500d	count=13	 id = 205929
5800 xpressmusic	count=13	 id = 205930
galaxy s ii	count=13	 id = 205931
gm730	count=13	 id = 205932
ideapad y650	count=13	 id = 205933
probook	count=13	 id = 205934
sl80	count=13	 id = 205935
t5010	count=13	 id = 205936
t700	count=13	 id = 205937
windows xp	count=13	 id = 205938
2133	count=14	 id = 205939
a380	count=14	 id = 205940
aura	count=14	 id = 205941
dell mini 10	count=14	 id = 205942
dell mini 9	count=14	 id = 205943
ex1	count=14	 id = 205944
fz100	count=14	 id = 205945
galaxy note	count=14	 id = 205946
gigaworks t3	count=14	 id = 205947
ideapad u350	count=14	 id = 205948
inspiron 1545	count=14	 id = 205949
intel hd graphics	count=14	 id = 205950
m45	count=14	 id = 205951
pavilion dv4	count=14	 id = 205952
q218	count=14	 id = 205953
sense	count=14	 id = 205954
sony vaio x	count=14	 id = 205955
touch 3g	count=14	 id = 205956
w90	count=14	 id = 205957
windows vista home premium	count=14	 id = 205958
gateway p7804g	count=15	 id = 31259
n9	count=15	 id = 205959
shuffle	count=15	 id = 187744
sl90	count=15	 id = 205960
windows 7 home premium	count=15	 id = 205961
atom	count=16	 id = 205962
canon 550d	count=16	 id = 205963
dell inspiron 1318	count=16	 id = 22861
dv4	count=16	 id = 205964
fx38	count=16	 id = 205965
fx48	count=16	 id = 205966
intel atom	count=16	 id = 205967
lg lg80	count=16	 id = 205968
nokia n97	count=16	 id = 123094
samsung c750	count=16	 id = 205969
tx1	count=16	 id = 205970
ucube	count=16	 id = 205971
vaio e series	count=16	 id = 205972
adamo	count=17	 id = 205973
aspire 3935	count=17	 id = 28332
ipod shuffle	count=17	 id = 150680
pcmark vantage	count=17	 id = 205974
pro 2	count=17	 id = 205975
t90	count=17	 id = 205976
x1	count=17	 id = 205977
dell inspiron 1545	count=18	 id = 22694
hp mini 2140	count=18	 id = 60500
ice cream sandwich	count=18	 id = 205978
lg lg70	count=18	 id = 205979
touchflo 3d	count=18	 id = 205980
vaio cs	count=18	 id = 205981
vaio p	count=18	 id = 205982
c905	count=19	 id = 205983
google maps	count=19	 id = 205984
hero	count=19	 id = 205249
hp envy 13	count=19	 id = 17875
itunes	count=19	 id = 205985
q250	count=19	 id = 205986
s-302	count=19	 id = 205987
youtube	count=19	 id = 205988
ascend p1 s	count=20	 id = 205989
dslr	count=20	 id = 205990
g530	count=20	 id = 205991
thinkpad	count=20	 id = 205992
u123	count=20	 id = 205993
u350	count=20	 id = 205994
e63	count=21	 id = 205995
macbook pro 15 inch	count=21	 id = 205996
st550	count=21	 id = 205997
acer 5740g	count=22	 id = 205998
diamond 2	count=22	 id = 205999
e71	count=22	 id = 206000
envy 13	count=22	 id = 206001
hp pavilion dv2	count=22	 id = 25045
qosmio g50	count=22	 id = 206002
windows vista	count=22	 id = 206003
intel core 2 duo	count=23	 id = 206004
ixus 100 is	count=23	 id = 206005
lx3	count=23	 id = 206006
ul30a-a1	count=23	 id = 25732
h220	count=24	 id = 206007
nokia n8	count=24	 id = 123529
3dmark06	count=25	 id = 206008
a330	count=25	 id = 206009
htc magic	count=25	 id = 125556
probook 4510s	count=25	 id = 206010
a3100	count=26	 id = 206011
carcharias	count=26	 id = 206012
lumia 800	count=26	 id = 206013
s300iu	count=26	 id = 206014
studio 1555	count=26	 id = 206015
t400s	count=26	 id = 206016
hw-c450	count=27	 id = 206017
iphone 3gs	count=28	 id = 206018
lumia 900	count=28	 id = 206019
macbook pro 13 inch	count=28	 id = 206020
mini 9	count=28	 id = 206021
msi x340	count=28	 id = 206022
tv	count=29	 id = 206023
dell adamo	count=30	 id = 206024
mini 1000	count=30	 id = 206025
pl150	count=30	 id = 206026
windows	count=30	 id = 183465
c750	count=31	 id = 206027
galaxy nexus	count=32	 id = 206028
windows 7	count=32	 id = 206029
zr1	count=32	 id = 206030
n97	count=33	 id = 206031
hx5v	count=34	 id = 206032
lx5	count=35	 id = 206033
macbook	count=35	 id = 206034
le7500	count=36	 id = 206035
vaio x	count=36	 id = 206036
x340	count=37	 id = 206037
550d	count=40	 id = 206038
hs10	count=40	 id = 206039
g11	count=41	 id = 206040
d10	count=42	 id = 206041
s90	count=42	 id = 206042
iphone	count=43	 id = 206043
windows mobile	count=46	 id = 206044
macbook pro	count=50	 id = 206045
android	count=52	 id = 180815
magic	count=55	 id = 183649
omnia ii	count=56	 id = 206046
macbook air	count=92	 id = 206047
